INFO  time: initialize in 0.5s
INFO  running '/usr/lib/jvm/java-8-jre/jre/bin/java -Djline.terminal=jline.UnsupportedTerminal -Dsbt.log.noformat=true -Dfile.encoding=UTF-8 -jar /tmp/metals7469656976782139666/sbt-launch.jar metalsEnable bloopInstall'
INFO  [info] Loading settings for project global-plugins from metals.sbt ...
INFO  [info] Loading global plugins from /home/yanjie/.sbt/1.0/plugins
INFO  [info] Updating ProjectRef(uri("file:/home/yanjie/.sbt/1.0/plugins/"), "global-plugins")...
INFO  [info] downloading https://repo1.maven.org/maven2/io/circe/circe-derivation_2.12/0.9.0-M3/circe-derivation_2.12-0.9.0-M3.jar ...
INFO  [info] downloading https://repo1.maven.org/maven2/ch/epfl/scala/bloop-config_2.12/1.3.2/bloop-config_2.12-1.3.2.jar ...
INFO  [info] downloading https://repo1.maven.org/maven2/io/circe/circe-parser_2.12/0.9.3/circe-parser_2.12-0.9.3.jar ...
INFO  [info] downloading https://repo1.maven.org/maven2/org/scalameta/sbt-metals_2.12_1.0/0.7.0/sbt-metals-0.7.0.jar ...
INFO  [info] downloading https://repo1.maven.org/maven2/ch/epfl/scala/sbt-bloop_2.12_1.0/1.3.2/sbt-bloop-1.3.2.jar ...
INFO  [info] downloading https://repo1.maven.org/maven2/io/circe/circe-jawn_2.12/0.9.3/circe-jawn_2.12-0.9.3.jar ...
INFO  [info] 	[SUCCESSFUL ] io.circe#circe-derivation_2.12;0.9.0-M3!circe-derivation_2.12.jar (387ms)
INFO  [info] downloading https://repo1.maven.org/maven2/io/circe/circe-core_2.12/0.9.3/circe-core_2.12-0.9.3.jar ...
INFO  [info] 	[SUCCESSFUL ] org.scalameta#sbt-metals;0.7.0!sbt-metals.jar (413ms)
INFO  [info] downloading https://repo1.maven.org/maven2/org/spire-math/jawn-parser_2.12/0.11.1/jawn-parser_2.12-0.11.1.jar ...
INFO  [info] 	[SUCCESSFUL ] io.circe#circe-parser_2.12;0.9.3!circe-parser_2.12.jar (501ms)
INFO  [info] downloading https://repo1.maven.org/maven2/io/circe/circe-numbers_2.12/0.9.3/circe-numbers_2.12-0.9.3.jar ...
INFO  [info] 	[SUCCESSFUL ] io.circe#circe-jawn_2.12;0.9.3!circe-jawn_2.12.jar (439ms)
INFO  [info] downloading https://repo1.maven.org/maven2/org/typelevel/cats-core_2.12/1.0.1/cats-core_2.12-1.0.1.jar ...
INFO  [info] 	[SUCCESSFUL ] org.spire-math#jawn-parser_2.12;0.11.1!jawn-parser_2.12.jar (274ms)
INFO  [info] downloading https://repo1.maven.org/maven2/org/typelevel/cats-macros_2.12/1.0.1/cats-macros_2.12-1.0.1.jar ...
INFO  [info] 	[SUCCESSFUL ] io.circe#circe-numbers_2.12;0.9.3!circe-numbers_2.12.jar (215ms)
INFO  [info] downloading https://repo1.maven.org/maven2/org/typelevel/cats-kernel_2.12/1.0.1/cats-kernel_2.12-1.0.1.jar ...
INFO  [info] 	[SUCCESSFUL ] ch.epfl.scala#sbt-bloop;1.3.2!sbt-bloop.jar (734ms)
INFO  [info] 	[SUCCESSFUL ] ch.epfl.scala#bloop-config_2.12;1.3.2!bloop-config_2.12.jar (732ms)
INFO  [info] downloading https://repo1.maven.org/maven2/org/typelevel/machinist_2.12/0.6.2/machinist_2.12-0.6.2.jar ...
INFO  [info] 	[SUCCESSFUL ] io.circe#circe-core_2.12;0.9.3!circe-core_2.12.jar (528ms)
INFO  [info] 	[SUCCESSFUL ] org.typelevel#cats-macros_2.12;1.0.1!cats-macros_2.12.jar (253ms)
INFO  [info] 	[SUCCESSFUL ] org.typelevel#machinist_2.12;0.6.2!machinist_2.12.jar (263ms)
INFO  [info] 	[SUCCESSFUL ] org.typelevel#cats-core_2.12;1.0.1!cats-core_2.12.jar (1105ms)
INFO  [info] 	[SUCCESSFUL ] org.typelevel#cats-kernel_2.12;1.0.1!cats-kernel_2.12.jar (1412ms)
INFO  [info] Done updating.
INFO  [info] Loading settings for project play-scala-rest-api-example-build from plugins.sbt ...
INFO  [info] Loading project definition from /home/yanjie/Documents/GitHub/Movie-Recommender-System/play-scala-rest-api-example/project
INFO  [info] Updating ProjectRef(uri("file:/home/yanjie/Documents/GitHub/Movie-Recommender-System/play-scala-rest-api-example/project/"), "play-scala-rest-api-example-build")...
INFO  [info] Done updating.
INFO  [warn] There may be incompatibilities among your library dependencies; run 'evicted' to see detailed eviction warnings.
INFO  [info] Compiling 1 Scala source to /home/yanjie/Documents/GitHub/Movie-Recommender-System/play-scala-rest-api-example/project/target/scala-2.12/sbt-1.0/classes ...
INFO  [info] Non-compiled module 'compiler-bridge_2.12' for Scala 2.12.7. Compiling...
INFO  shutting down Metals
INFO  build tool exit: 143
INFO  time: ran 'sbt bloopInstall' in 1m20s
ERROR sbt command failed: /usr/lib/jvm/java-8-jre/jre/bin/java -Djline.terminal=jline.UnsupportedTerminal -Dsbt.log.noformat=true -Dfile.encoding=UTF-8 -jar /tmp/metals7469656976782139666/sbt-launch.jar metalsEnable bloopInstall
INFO  time: initialize in 0.64s
INFO  skipping build import with status 'Started'
INFO  shutting down Metals
INFO  time: initialize in 1.1s
INFO  skipping build import with status 'Started'
WARN  no build target: /home/yanjie/Documents/GitHub/Movie-Recommender-System/play-scala-rest-api-example/app/v1/post/PostController.scala
WARN  no build target: /home/yanjie/Documents/GitHub/Movie-Recommender-System/play-scala-rest-api-example/app/v1/post/PostResourceHandler.scala
INFO  no build target: using presentation compiler with only scala-library
WARN  no build target: /home/yanjie/Documents/GitHub/Movie-Recommender-System/play-scala-rest-api-example/app/v1/post/PostResourceHandler.scala
WARN  no build target: /home/yanjie/Documents/GitHub/Movie-Recommender-System/play-scala-rest-api-example/app/v1/post/PostResourceHandler.scala
WARN  no build target: /home/yanjie/Documents/GitHub/Movie-Recommender-System/play-scala-rest-api-example/app/v1/post/PostResourceHandler.scala
Jul 23, 2019 3:30:51 PM org.eclipse.lsp4j.jsonrpc.RemoteEndpoint handleCancellation
WARNING: Unmatched cancel notification for request id 158
WARN  no build target: /home/yanjie/Documents/GitHub/Movie-Recommender-System/play-scala-rest-api-example/app/v1/post/PostResourceHandler.scala
something's wrong: no file:///home/yanjie/Documents/GitHub/Movie-Recommender-System/play-scala-rest-api-example/app/v1/post/PostResourceHandler.scala in List[<error>]RangePosition(file:///home/yanjie/Documents/GitHub/Movie-Recommender-System/play-scala-rest-api-example/app/v1/post/PostResourceHandler.scala, 545, 545, 559)
something's wrong: no file:///home/yanjie/Documents/GitHub/Movie-Recommender-System/play-scala-rest-api-example/app/v1/post/PostResourceHandler.scala in List[<error>]RangePosition(file:///home/yanjie/Documents/GitHub/Movie-Recommender-System/play-scala-rest-api-example/app/v1/post/PostResourceHandler.scala, 545, 545, 552)
something's wrong: no file:///home/yanjie/Documents/GitHub/Movie-Recommender-System/play-scala-rest-api-example/app/v1/post/PostResourceHandler.scala in List[<error>]RangePosition(file:///home/yanjie/Documents/GitHub/Movie-Recommender-System/play-scala-rest-api-example/app/v1/post/PostResourceHandler.scala, 545, 545, 553)
something's wrong: no file:///home/yanjie/Documents/GitHub/Movie-Recommender-System/play-scala-rest-api-example/app/v1/post/PostResourceHandler.scala in List[<error>]RangePosition(file:///home/yanjie/Documents/GitHub/Movie-Recommender-System/play-scala-rest-api-example/app/v1/post/PostResourceHandler.scala, 545, 545, 554)
something's wrong: no file:///home/yanjie/Documents/GitHub/Movie-Recommender-System/play-scala-rest-api-example/app/v1/post/PostResourceHandler.scala in List[<error>]RangePosition(file:///home/yanjie/Documents/GitHub/Movie-Recommender-System/play-scala-rest-api-example/app/v1/post/PostResourceHandler.scala, 545, 545, 555)
something's wrong: no file:///home/yanjie/Documents/GitHub/Movie-Recommender-System/play-scala-rest-api-example/app/v1/post/PostResourceHandler.scala in List[<error>]RangePosition(file:///home/yanjie/Documents/GitHub/Movie-Recommender-System/play-scala-rest-api-example/app/v1/post/PostResourceHandler.scala, 545, 545, 556)
something's wrong: no file:///home/yanjie/Documents/GitHub/Movie-Recommender-System/play-scala-rest-api-example/app/v1/post/PostResourceHandler.scala in List[v1.post.Rating]RangePosition(file:///home/yanjie/Documents/GitHub/Movie-Recommender-System/play-scala-rest-api-example/app/v1/post/PostResourceHandler.scala, 545, 545, 557)
WARN  no build target: /home/yanjie/Documents/GitHub/Movie-Recommender-System/play-scala-rest-api-example/app/v1/post/PostResourceHandler.scala
WARN  no build target: /home/yanjie/Documents/GitHub/Movie-Recommender-System/play-scala-rest-api-example/app/v1/post/PostResourceHandler.scala
WARN  no build target: /home/yanjie/Documents/GitHub/Movie-Recommender-System/play-scala-rest-api-example/app/v1/post/PostResourceHandler.scala
something's wrong: no file:///home/yanjie/Documents/GitHub/Movie-Recommender-System/play-scala-rest-api-example/app/v1/post/PostResourceHandler.scala in List[<error>]RangePosition(file:///home/yanjie/Documents/GitHub/Movie-Recommender-System/play-scala-rest-api-example/app/v1/post/PostResourceHandler.scala, 626, 626, 640)
something's wrong: no file:///home/yanjie/Documents/GitHub/Movie-Recommender-System/play-scala-rest-api-example/app/v1/post/PostResourceHandler.scala in List[<error>]RangePosition(file:///home/yanjie/Documents/GitHub/Movie-Recommender-System/play-scala-rest-api-example/app/v1/post/PostResourceHandler.scala, 626, 626, 633)
something's wrong: no file:///home/yanjie/Documents/GitHub/Movie-Recommender-System/play-scala-rest-api-example/app/v1/post/PostResourceHandler.scala in List[<error>]RangePosition(file:///home/yanjie/Documents/GitHub/Movie-Recommender-System/play-scala-rest-api-example/app/v1/post/PostResourceHandler.scala, 626, 626, 634)
something's wrong: no file:///home/yanjie/Documents/GitHub/Movie-Recommender-System/play-scala-rest-api-example/app/v1/post/PostResourceHandler.scala in List[Int]RangePosition(file:///home/yanjie/Documents/GitHub/Movie-Recommender-System/play-scala-rest-api-example/app/v1/post/PostResourceHandler.scala, 626, 626, 635)
WARN  no build target: /home/yanjie/Documents/GitHub/Movie-Recommender-System/play-scala-rest-api-example/app/v1/post/PostResourceHandler.scala
WARN  no build target: /home/yanjie/Documents/GitHub/Movie-Recommender-System/play-scala-rest-api-example/app/v1/post/PostResourceHandler.scala
Jul 23, 2019 3:32:35 PM scala.meta.internal.pc.CompilerAccess retryWithCleanCompiler
INFO: compiler crashed due to an error in the Scala compiler, retrying with new compiler instance.
Jul 23, 2019 3:32:35 PM scala.meta.internal.pc.CompilerAccess handleError
SEVERE: implicit class <error> extends  (of class scala.reflect.internal.Trees$ClassDef)
scala.MatchError: implicit class <error> extends  (of class scala.reflect.internal.Trees$ClassDef)
	at scala.tools.nsc.typechecker.Unapplies.constrParamss(Unapplies.scala:64)
	at scala.tools.nsc.typechecker.Unapplies.factoryMeth(Unapplies.scala:141)
	at scala.tools.nsc.typechecker.Unapplies.factoryMeth$(Unapplies.scala:138)
	at scala.meta.internal.pc.MetalsGlobal$$anon$1.factoryMeth(MetalsGlobal.scala:40)
	at scala.tools.nsc.typechecker.MethodSynthesis$MethodSynth.enterImplicitWrapper(MethodSynthesis.scala:231)
	at scala.tools.nsc.typechecker.MethodSynthesis$MethodSynth.enterImplicitWrapper$(MethodSynthesis.scala:230)
	at scala.tools.nsc.typechecker.Namers$Namer.enterImplicitWrapper(Namers.scala:58)
	at scala.tools.nsc.interactive.InteractiveAnalyzer$InteractiveNamer.enterExistingSym(Global.scala:94)
	at scala.tools.nsc.interactive.InteractiveAnalyzer$InteractiveNamer.enterExistingSym$(Global.scala:80)
	at scala.tools.nsc.interactive.InteractiveAnalyzer$$anon$2.enterExistingSym(Global.scala:51)
	at scala.tools.nsc.typechecker.Namers$Namer.standardEnterSym(Namers.scala:294)
	at scala.tools.nsc.typechecker.AnalyzerPlugins.pluginsEnterSym(AnalyzerPlugins.scala:461)
	at scala.tools.nsc.typechecker.AnalyzerPlugins.pluginsEnterSym$(AnalyzerPlugins.scala:460)
	at scala.meta.internal.pc.MetalsGlobal$$anon$1.pluginsEnterSym(MetalsGlobal.scala:40)
	at scala.tools.nsc.typechecker.Namers$Namer.enterSym(Namers.scala:268)
	at scala.tools.nsc.typechecker.Typers$Typer.enterSym(Typers.scala:1946)
	at scala.tools.nsc.typechecker.Typers$Typer.$anonfun$enterSyms$1(Typers.scala:1941)
	at scala.tools.nsc.typechecker.Typers$Typer.enterSyms(Typers.scala:1941)
	at scala.tools.nsc.typechecker.Typers$Typer.typedTemplate(Typers.scala:2003)
	at scala.tools.nsc.typechecker.Typers$Typer.typedModuleDef(Typers.scala:1896)
	at scala.tools.nsc.typechecker.Typers$Typer.typed1(Typers.scala:5647)
	at scala.tools.nsc.typechecker.Typers$Typer.typed(Typers.scala:5726)
	at scala.tools.nsc.typechecker.Typers$Typer.typedStat$1(Typers.scala:5790)
	at scala.tools.nsc.typechecker.Typers$Typer.$anonfun$typedStats$10(Typers.scala:3373)
	at scala.tools.nsc.typechecker.Typers$Typer.typedStats(Typers.scala:3373)
	at scala.tools.nsc.typechecker.Typers$Typer.typedPackageDef$1(Typers.scala:5356)
	at scala.tools.nsc.typechecker.Typers$Typer.typed1(Typers.scala:5649)
	at scala.tools.nsc.typechecker.Typers$Typer.typed(Typers.scala:5726)
	at scala.tools.nsc.typechecker.Analyzer$typerFactory$TyperPhase.apply(Analyzer.scala:114)
	at scala.tools.nsc.Global$GlobalPhase.applyPhase(Global.scala:448)
	at scala.tools.nsc.interactive.Global$TyperRun.$anonfun$applyPhase$1(Global.scala:1340)
	at scala.tools.nsc.interactive.Global$TyperRun.applyPhase(Global.scala:1340)
	at scala.tools.nsc.interactive.Global$TyperRun.typeCheck(Global.scala:1333)
	at scala.tools.nsc.interactive.Global.typeCheck(Global.scala:665)
	at scala.tools.nsc.interactive.Global.typedTreeAt(Global.scala:814)
	at scala.tools.nsc.interactive.Global.completionsAt(Global.scala:1225)
	at scala.meta.internal.pc.CompletionProvider.safeCompletionsAt(CompletionProvider.scala:356)
	at scala.meta.internal.pc.CompletionProvider.completions(CompletionProvider.scala:47)

WARN  no build target: /home/yanjie/Documents/GitHub/Movie-Recommender-System/play-scala-rest-api-example/app/v1/post/PostResourceHandler.scala
WARN  no build target: /home/yanjie/Documents/GitHub/Movie-Recommender-System/play-scala-rest-api-example/app/v1/post/PostController.scala
WARN  no build target: /home/yanjie/Documents/GitHub/Movie-Recommender-System/play-scala-rest-api-example/app/v1/post/PostController.scala
WARN  no build target: /home/yanjie/Documents/GitHub/Movie-Recommender-System/play-scala-rest-api-example/app/v1/post/PostController.scala
WARN  no build target: /home/yanjie/Documents/GitHub/Movie-Recommender-System/play-scala-rest-api-example/app/v1/post/PostController.scala
Exception in thread "pool-1-thread-11" java.lang.Error: java.lang.InterruptedException
	at java.util.concurrent.ThreadPoolExecutor.runWorker(ThreadPoolExecutor.java:1155)
	at java.util.concurrent.ThreadPoolExecutor$Worker.run(ThreadPoolExecutor.java:624)
	at java.lang.Thread.run(Thread.java:748)
Caused by: java.lang.InterruptedException
	at scala.meta.internal.metals.FutureCancelToken.checkCanceled(FutureCancelToken.scala:20)
	at scala.meta.internal.mtags.MtagsEnrichments$XtensionCancelChecker.isCancelled(MtagsEnrichments.scala:340)
	at scala.meta.internal.metals.FormattingProvider.$anonfun$isCancelled$1(FormattingProvider.scala:59)
	at scala.meta.internal.metals.FormattingProvider.$anonfun$isCancelled$1$adapted(FormattingProvider.scala:59)
	at scala.Option.exists(Option.scala:257)
	at scala.meta.internal.metals.FormattingProvider.isCancelled(FormattingProvider.scala:59)
	at scala.meta.internal.metals.FormattingProvider.$anonfun$handleMissingFile$1(FormattingProvider.scala:171)
	at scala.meta.internal.metals.FormattingProvider.$anonfun$handleMissingFile$1$adapted(FormattingProvider.scala:164)
	at scala.util.Success.$anonfun$map$1(Try.scala:255)
	at scala.util.Success.map(Try.scala:213)
	at scala.concurrent.Future.$anonfun$map$1(Future.scala:292)
	at scala.concurrent.impl.Promise.liftedTree1$1(Promise.scala:33)
	at scala.concurrent.impl.Promise.$anonfun$transform$1(Promise.scala:33)
	at scala.concurrent.impl.CallbackRunnable.run(Promise.scala:64)
	at java.util.concurrent.ThreadPoolExecutor.runWorker(ThreadPoolExecutor.java:1149)
	... 2 more
Downloading https://repo1.maven.org/maven2/org/scalameta/scalafmt-cli_2.12/2.0.0-RC4/scalafmt-cli_2.12-2.0.0-RC4.pom
Downloading https://repo1.maven.org/maven2/org/scalameta/scalafmt-cli_2.12/2.0.0-RC4/scalafmt-cli_2.12-2.0.0-RC4.pom.sha1
Downloading https://repo1.maven.org/maven2/org/scala-lang/scala-reflect/2.12.8/
Downloaded https://repo1.maven.org/maven2/org/scalameta/scalafmt-cli_2.12/2.0.0-RC4/scalafmt-cli_2.12-2.0.0-RC4.pom.sha1
Downloaded https://repo1.maven.org/maven2/org/scala-lang/scala-reflect/2.12.8/
Downloaded https://repo1.maven.org/maven2/org/scalameta/scalafmt-cli_2.12/2.0.0-RC4/scalafmt-cli_2.12-2.0.0-RC4.pom
Downloading https://repo1.maven.org/maven2/org/scalameta/scalafmt-cli_2.12/2.0.0-RC4/
Downloaded https://repo1.maven.org/maven2/org/scalameta/scalafmt-cli_2.12/2.0.0-RC4/
Downloading https://repo1.maven.org/maven2/com/martiansoftware/nailgun-server/0.9.1/nailgun-server-0.9.1.pom
Downloading https://repo1.maven.org/maven2/com/martiansoftware/nailgun-server/0.9.1/nailgun-server-0.9.1.pom.sha1
Downloading https://repo1.maven.org/maven2/org/scala-lang/scala-library/2.12.8/
Downloading https://repo1.maven.org/maven2/org/scalameta/scalafmt-core_2.12/2.0.0-RC4/scalafmt-core_2.12-2.0.0-RC4.pom
Downloading https://repo1.maven.org/maven2/org/scalameta/scalafmt-core_2.12/2.0.0-RC4/scalafmt-core_2.12-2.0.0-RC4.pom.sha1
Downloaded https://repo1.maven.org/maven2/com/martiansoftware/nailgun-server/0.9.1/nailgun-server-0.9.1.pom
Downloaded https://repo1.maven.org/maven2/org/scalameta/scalafmt-core_2.12/2.0.0-RC4/scalafmt-core_2.12-2.0.0-RC4.pom.sha1
Downloading https://repo1.maven.org/maven2/com/github/scopt/scopt_2.12/3.5.0/scopt_2.12-3.5.0.pom
Downloading https://repo1.maven.org/maven2/com/github/scopt/scopt_2.12/3.5.0/scopt_2.12-3.5.0.pom.sha1
Downloaded https://repo1.maven.org/maven2/com/martiansoftware/nailgun-server/0.9.1/nailgun-server-0.9.1.pom.sha1
Downloading https://repo1.maven.org/maven2/com/martiansoftware/nailgun-server/0.9.1/
Downloading https://repo1.maven.org/maven2/org/scalameta/scalafmt-interfaces/2.0.0-RC4/
Downloaded https://repo1.maven.org/maven2/com/github/scopt/scopt_2.12/3.5.0/scopt_2.12-3.5.0.pom
Downloaded https://repo1.maven.org/maven2/org/scala-lang/scala-library/2.12.8/
Downloaded https://repo1.maven.org/maven2/org/scalameta/scalafmt-core_2.12/2.0.0-RC4/scalafmt-core_2.12-2.0.0-RC4.pom
Downloaded https://repo1.maven.org/maven2/com/github/scopt/scopt_2.12/3.5.0/scopt_2.12-3.5.0.pom.sha1
Downloading https://repo1.maven.org/maven2/com/googlecode/java-diff-utils/diffutils/1.3.0/
Downloading https://repo1.maven.org/maven2/org/scalameta/scalafmt-core_2.12/2.0.0-RC4/
Downloading https://repo1.maven.org/maven2/com/github/scopt/scopt_2.12/3.5.0/
Downloaded https://repo1.maven.org/maven2/com/googlecode/java-diff-utils/diffutils/1.3.0/
Downloaded https://repo1.maven.org/maven2/com/martiansoftware/nailgun-server/0.9.1/
Downloaded https://repo1.maven.org/maven2/org/scalameta/scalafmt-interfaces/2.0.0-RC4/
Downloaded https://repo1.maven.org/maven2/com/github/scopt/scopt_2.12/3.5.0/
Downloaded https://repo1.maven.org/maven2/org/scalameta/scalafmt-core_2.12/2.0.0-RC4/
Downloading https://repo1.maven.org/maven2/com/martiansoftware/nailgun-all/0.9.1/nailgun-all-0.9.1.pom
Downloading https://repo1.maven.org/maven2/com/martiansoftware/nailgun-all/0.9.1/nailgun-all-0.9.1.pom.sha1
Downloading https://repo1.maven.org/maven2/org/sonatype/oss/oss-parent/7/
Downloaded https://repo1.maven.org/maven2/org/sonatype/oss/oss-parent/7/
Downloaded https://repo1.maven.org/maven2/com/martiansoftware/nailgun-all/0.9.1/nailgun-all-0.9.1.pom.sha1
Downloaded https://repo1.maven.org/maven2/com/martiansoftware/nailgun-all/0.9.1/nailgun-all-0.9.1.pom
Downloading https://repo1.maven.org/maven2/com/martiansoftware/nailgun-all/0.9.1/
Downloaded https://repo1.maven.org/maven2/com/martiansoftware/nailgun-all/0.9.1/
Downloading https://repo1.maven.org/maven2/com/geirsson/metaconfig-core_2.12/0.8.3/metaconfig-core_2.12-0.8.3.pom
Downloading https://repo1.maven.org/maven2/com/geirsson/metaconfig-core_2.12/0.8.3/metaconfig-core_2.12-0.8.3.pom.sha1
Downloading https://repo1.maven.org/maven2/org/scalameta/scalameta_2.12/4.0.0/scalameta_2.12-4.0.0.pom
Downloading https://repo1.maven.org/maven2/org/scalameta/scalameta_2.12/4.0.0/scalameta_2.12-4.0.0.pom.sha1
Downloaded https://repo1.maven.org/maven2/com/geirsson/metaconfig-core_2.12/0.8.3/metaconfig-core_2.12-0.8.3.pom.sha1
Downloaded https://repo1.maven.org/maven2/com/geirsson/metaconfig-core_2.12/0.8.3/metaconfig-core_2.12-0.8.3.pom
Downloading https://repo1.maven.org/maven2/com/geirsson/metaconfig-core_2.12/0.8.3/
Downloading https://repo1.maven.org/maven2/com/geirsson/metaconfig-typesafe-config_2.12/0.8.3/metaconfig-typesafe-config_2.12-0.8.3.pom
Downloading https://repo1.maven.org/maven2/com/geirsson/metaconfig-typesafe-config_2.12/0.8.3/metaconfig-typesafe-config_2.12-0.8.3.pom.sha1
Downloaded https://repo1.maven.org/maven2/org/scalameta/scalameta_2.12/4.0.0/scalameta_2.12-4.0.0.pom.sha1
Downloaded https://repo1.maven.org/maven2/com/geirsson/metaconfig-core_2.12/0.8.3/
Downloaded https://repo1.maven.org/maven2/org/scalameta/scalameta_2.12/4.0.0/scalameta_2.12-4.0.0.pom
Downloaded https://repo1.maven.org/maven2/com/geirsson/metaconfig-typesafe-config_2.12/0.8.3/metaconfig-typesafe-config_2.12-0.8.3.pom
Downloading https://repo1.maven.org/maven2/org/scalameta/scalameta_2.12/4.0.0/
Downloaded https://repo1.maven.org/maven2/com/geirsson/metaconfig-typesafe-config_2.12/0.8.3/metaconfig-typesafe-config_2.12-0.8.3.pom.sha1
Downloaded https://repo1.maven.org/maven2/org/scalameta/scalameta_2.12/4.0.0/
Downloading https://repo1.maven.org/maven2/com/geirsson/metaconfig-typesafe-config_2.12/0.8.3/
Downloaded https://repo1.maven.org/maven2/com/geirsson/metaconfig-typesafe-config_2.12/0.8.3/
Downloading https://repo1.maven.org/maven2/com/typesafe/config/1.2.1/config-1.2.1.pom
Downloading https://repo1.maven.org/maven2/com/typesafe/config/1.2.1/config-1.2.1.pom.sha1
Downloaded https://repo1.maven.org/maven2/com/typesafe/config/1.2.1/config-1.2.1.pom
Downloaded https://repo1.maven.org/maven2/com/typesafe/config/1.2.1/config-1.2.1.pom.sha1
Downloading https://repo1.maven.org/maven2/org/scalameta/common_2.12/4.0.0/common_2.12-4.0.0.pom.sha1
Downloading https://repo1.maven.org/maven2/org/scalameta/parsers_2.12/4.0.0/parsers_2.12-4.0.0.pom
Downloading https://repo1.maven.org/maven2/org/scalameta/parsers_2.12/4.0.0/parsers_2.12-4.0.0.pom.sha1
Downloading https://repo1.maven.org/maven2/org/scalameta/io_2.12/4.0.0/io_2.12-4.0.0.pom
Downloading https://repo1.maven.org/maven2/org/scalameta/io_2.12/4.0.0/io_2.12-4.0.0.pom.sha1
Downloading https://repo1.maven.org/maven2/org/typelevel/paiges-core_2.12/0.2.0/paiges-core_2.12-0.2.0.pom.sha1
Downloaded https://repo1.maven.org/maven2/org/scalameta/common_2.12/4.0.0/common_2.12-4.0.0.pom.sha1
Downloading https://repo1.maven.org/maven2/org/typelevel/paiges-core_2.12/0.2.0/paiges-core_2.12-0.2.0.pom
Downloaded https://repo1.maven.org/maven2/org/scalameta/parsers_2.12/4.0.0/parsers_2.12-4.0.0.pom
Downloading https://repo1.maven.org/maven2/org/scalameta/tokenizers_2.12/4.0.0/tokenizers_2.12-4.0.0.pom.sha1
Downloaded https://repo1.maven.org/maven2/org/scalameta/parsers_2.12/4.0.0/parsers_2.12-4.0.0.pom.sha1
Downloading https://repo1.maven.org/maven2/org/scalameta/transversers_2.12/4.0.0/transversers_2.12-4.0.0.pom
Downloaded https://repo1.maven.org/maven2/org/typelevel/paiges-core_2.12/0.2.0/paiges-core_2.12-0.2.0.pom.sha1
Downloading https://repo1.maven.org/maven2/org/scalameta/transversers_2.12/4.0.0/transversers_2.12-4.0.0.pom.sha1
Downloaded https://repo1.maven.org/maven2/org/scalameta/io_2.12/4.0.0/io_2.12-4.0.0.pom
Downloading https://repo1.maven.org/maven2/org/scalameta/dialects_2.12/4.0.0/dialects_2.12-4.0.0.pom
Downloaded https://repo1.maven.org/maven2/org/typelevel/paiges-core_2.12/0.2.0/paiges-core_2.12-0.2.0.pom
Downloaded https://repo1.maven.org/maven2/org/scalameta/tokenizers_2.12/4.0.0/tokenizers_2.12-4.0.0.pom.sha1
Downloading https://repo1.maven.org/maven2/org/scalameta/tokenizers_2.12/4.0.0/tokenizers_2.12-4.0.0.pom
Downloading https://repo1.maven.org/maven2/org/scalameta/dialects_2.12/4.0.0/dialects_2.12-4.0.0.pom.sha1
Downloaded https://repo1.maven.org/maven2/org/scalameta/transversers_2.12/4.0.0/transversers_2.12-4.0.0.pom.sha1
Downloading https://repo1.maven.org/maven2/org/scalameta/common_2.12/4.0.0/common_2.12-4.0.0.pom
Downloaded https://repo1.maven.org/maven2/org/scalameta/transversers_2.12/4.0.0/transversers_2.12-4.0.0.pom
Downloading https://repo1.maven.org/maven2/org/scalameta/quasiquotes_2.12/4.0.0/quasiquotes_2.12-4.0.0.pom
Downloaded https://repo1.maven.org/maven2/org/scalameta/dialects_2.12/4.0.0/dialects_2.12-4.0.0.pom
Downloading https://repo1.maven.org/maven2/org/scalameta/quasiquotes_2.12/4.0.0/quasiquotes_2.12-4.0.0.pom.sha1
Downloaded https://repo1.maven.org/maven2/org/scalameta/dialects_2.12/4.0.0/dialects_2.12-4.0.0.pom.sha1
Downloading https://repo1.maven.org/maven2/org/scalameta/trees_2.12/4.0.0/trees_2.12-4.0.0.pom
Downloaded https://repo1.maven.org/maven2/org/scalameta/common_2.12/4.0.0/common_2.12-4.0.0.pom
Downloading https://repo1.maven.org/maven2/org/scalameta/trees_2.12/4.0.0/trees_2.12-4.0.0.pom.sha1
Downloaded https://repo1.maven.org/maven2/org/scalameta/tokenizers_2.12/4.0.0/tokenizers_2.12-4.0.0.pom
Downloaded https://repo1.maven.org/maven2/org/scalameta/io_2.12/4.0.0/io_2.12-4.0.0.pom.sha1
Downloading https://repo1.maven.org/maven2/com/typesafe/config/1.2.1/
Downloaded https://repo1.maven.org/maven2/org/scalameta/trees_2.12/4.0.0/trees_2.12-4.0.0.pom.sha1
Downloading https://repo1.maven.org/maven2/com/lihaoyi/pprint_2.12/0.5.3/pprint_2.12-0.5.3.pom
Downloaded https://repo1.maven.org/maven2/org/scalameta/trees_2.12/4.0.0/trees_2.12-4.0.0.pom
Downloaded https://repo1.maven.org/maven2/org/scalameta/quasiquotes_2.12/4.0.0/quasiquotes_2.12-4.0.0.pom
Downloading https://repo1.maven.org/maven2/org/scalameta/inputs_2.12/4.0.0/inputs_2.12-4.0.0.pom
Downloaded https://repo1.maven.org/maven2/com/typesafe/config/1.2.1/
Downloading https://repo1.maven.org/maven2/org/scalameta/inputs_2.12/4.0.0/inputs_2.12-4.0.0.pom.sha1
Downloading https://repo1.maven.org/maven2/com/lihaoyi/pprint_2.12/0.5.3/pprint_2.12-0.5.3.pom.sha1
Downloaded https://repo1.maven.org/maven2/com/lihaoyi/pprint_2.12/0.5.3/pprint_2.12-0.5.3.pom
Downloading https://repo1.maven.org/maven2/org/scalameta/io_2.12/4.0.0/
Downloaded https://repo1.maven.org/maven2/org/scalameta/quasiquotes_2.12/4.0.0/quasiquotes_2.12-4.0.0.pom.sha1
Downloading https://repo1.maven.org/maven2/org/scalameta/transversers_2.12/4.0.0/
Downloaded https://repo1.maven.org/maven2/com/lihaoyi/pprint_2.12/0.5.3/pprint_2.12-0.5.3.pom.sha1
Downloading https://repo1.maven.org/maven2/org/scalameta/dialects_2.12/4.0.0/
Downloading https://repo1.maven.org/maven2/org/scalameta/parsers_2.12/4.0.0/
Downloaded https://repo1.maven.org/maven2/org/scalameta/inputs_2.12/4.0.0/inputs_2.12-4.0.0.pom
Downloading https://repo1.maven.org/maven2/org/scalameta/common_2.12/4.0.0/
Downloaded https://repo1.maven.org/maven2/org/scalameta/inputs_2.12/4.0.0/inputs_2.12-4.0.0.pom.sha1
Downloading https://repo1.maven.org/maven2/org/typelevel/paiges-core_2.12/0.2.0/
Downloaded https://repo1.maven.org/maven2/org/scalameta/io_2.12/4.0.0/
Downloading https://repo1.maven.org/maven2/org/scalameta/tokenizers_2.12/4.0.0/
Downloaded https://repo1.maven.org/maven2/org/typelevel/paiges-core_2.12/0.2.0/
Downloading https://repo1.maven.org/maven2/org/scalameta/trees_2.12/4.0.0/
Downloaded https://repo1.maven.org/maven2/org/scalameta/parsers_2.12/4.0.0/
Downloaded https://repo1.maven.org/maven2/org/scalameta/transversers_2.12/4.0.0/
Downloading https://repo1.maven.org/maven2/com/lihaoyi/pprint_2.12/0.5.3/
Downloaded https://repo1.maven.org/maven2/org/scalameta/tokenizers_2.12/4.0.0/
Downloading https://repo1.maven.org/maven2/org/scalameta/quasiquotes_2.12/4.0.0/
Downloaded https://repo1.maven.org/maven2/org/scalameta/common_2.12/4.0.0/
Downloaded https://repo1.maven.org/maven2/org/scalameta/dialects_2.12/4.0.0/
Downloaded https://repo1.maven.org/maven2/org/scalameta/trees_2.12/4.0.0/
Downloading https://repo1.maven.org/maven2/org/scalameta/inputs_2.12/4.0.0/
Downloaded https://repo1.maven.org/maven2/com/lihaoyi/pprint_2.12/0.5.3/
Downloaded https://repo1.maven.org/maven2/org/scalameta/quasiquotes_2.12/4.0.0/
Downloaded https://repo1.maven.org/maven2/org/scalameta/inputs_2.12/4.0.0/
Downloading https://repo1.maven.org/maven2/org/scalameta/semanticdb_2.12/4.0.0/semanticdb_2.12-4.0.0.pom.sha1
Downloading https://repo1.maven.org/maven2/org/scalameta/semanticdb_2.12/4.0.0/semanticdb_2.12-4.0.0.pom
Downloading https://repo1.maven.org/maven2/org/scalameta/tokens_2.12/4.0.0/tokens_2.12-4.0.0.pom
Downloading https://repo1.maven.org/maven2/org/scalameta/tokens_2.12/4.0.0/tokens_2.12-4.0.0.pom.sha1
Downloading https://repo1.maven.org/maven2/com/lihaoyi/fansi_2.12/0.2.5/fansi_2.12-0.2.5.pom
Downloading https://repo1.maven.org/maven2/com/lihaoyi/fansi_2.12/0.2.5/fansi_2.12-0.2.5.pom.sha1
Downloaded https://repo1.maven.org/maven2/org/scalameta/semanticdb_2.12/4.0.0/semanticdb_2.12-4.0.0.pom.sha1
Downloaded https://repo1.maven.org/maven2/org/scalameta/tokens_2.12/4.0.0/tokens_2.12-4.0.0.pom
Downloading https://repo1.maven.org/maven2/com/lihaoyi/fastparse_2.12/1.0.0/fastparse_2.12-1.0.0.pom
Downloading https://repo1.maven.org/maven2/com/lihaoyi/fastparse_2.12/1.0.0/fastparse_2.12-1.0.0.pom.sha1
Downloaded https://repo1.maven.org/maven2/org/scalameta/semanticdb_2.12/4.0.0/semanticdb_2.12-4.0.0.pom
Downloaded https://repo1.maven.org/maven2/com/lihaoyi/fansi_2.12/0.2.5/fansi_2.12-0.2.5.pom
Downloaded https://repo1.maven.org/maven2/org/scalameta/tokens_2.12/4.0.0/tokens_2.12-4.0.0.pom.sha1
Downloading https://repo1.maven.org/maven2/com/lihaoyi/sourcecode_2.12/0.1.4/sourcecode_2.12-0.1.4.pom
Downloading https://repo1.maven.org/maven2/com/lihaoyi/sourcecode_2.12/0.1.4/sourcecode_2.12-0.1.4.pom.sha1
Downloading https://repo1.maven.org/maven2/org/scalameta/tokens_2.12/4.0.0/
Downloaded https://repo1.maven.org/maven2/com/lihaoyi/fastparse_2.12/1.0.0/fastparse_2.12-1.0.0.pom.sha1
Downloading https://repo1.maven.org/maven2/org/scalameta/semanticdb_2.12/4.0.0/
Downloaded https://repo1.maven.org/maven2/com/lihaoyi/fastparse_2.12/1.0.0/fastparse_2.12-1.0.0.pom
Downloading https://repo1.maven.org/maven2/com/lihaoyi/fastparse_2.12/1.0.0/
Downloaded https://repo1.maven.org/maven2/com/lihaoyi/sourcecode_2.12/0.1.4/sourcecode_2.12-0.1.4.pom.sha1
Downloaded https://repo1.maven.org/maven2/org/scalameta/tokens_2.12/4.0.0/
Downloaded https://repo1.maven.org/maven2/com/lihaoyi/sourcecode_2.12/0.1.4/sourcecode_2.12-0.1.4.pom
Downloaded https://repo1.maven.org/maven2/com/lihaoyi/fansi_2.12/0.2.5/fansi_2.12-0.2.5.pom.sha1
Downloading https://repo1.maven.org/maven2/com/lihaoyi/sourcecode_2.12/0.1.4/
Downloading https://repo1.maven.org/maven2/com/lihaoyi/fansi_2.12/0.2.5/
Downloaded https://repo1.maven.org/maven2/org/scalameta/semanticdb_2.12/4.0.0/
Downloaded https://repo1.maven.org/maven2/com/lihaoyi/fastparse_2.12/1.0.0/
Downloaded https://repo1.maven.org/maven2/com/lihaoyi/sourcecode_2.12/0.1.4/
Downloaded https://repo1.maven.org/maven2/com/lihaoyi/fansi_2.12/0.2.5/
Downloading https://repo1.maven.org/maven2/com/lihaoyi/fastparse-utils_2.12/1.0.0/fastparse-utils_2.12-1.0.0.pom
Downloading https://repo1.maven.org/maven2/com/lihaoyi/fastparse-utils_2.12/1.0.0/fastparse-utils_2.12-1.0.0.pom.sha1
Downloaded https://repo1.maven.org/maven2/com/lihaoyi/fastparse-utils_2.12/1.0.0/fastparse-utils_2.12-1.0.0.pom
Downloaded https://repo1.maven.org/maven2/com/lihaoyi/fastparse-utils_2.12/1.0.0/fastparse-utils_2.12-1.0.0.pom.sha1
Downloading https://repo1.maven.org/maven2/com/lihaoyi/fastparse-utils_2.12/1.0.0/
Downloaded https://repo1.maven.org/maven2/com/lihaoyi/fastparse-utils_2.12/1.0.0/
WARN  no build target: /home/yanjie/Documents/GitHub/Movie-Recommender-System/play-scala-rest-api-example/app/v1/post/PostController.scala
WARN  no build target: /home/yanjie/Documents/GitHub/Movie-Recommender-System/play-scala-rest-api-example/app/v1/post/PostController.scala
WARN  no build target: /home/yanjie/Documents/GitHub/Movie-Recommender-System/play-scala-rest-api-example/app/v1/post/PostController.scala
WARN  no build target: /home/yanjie/Documents/GitHub/Movie-Recommender-System/play-scala-rest-api-example/app/v1/post/PostController.scala
WARN  no build target: /home/yanjie/Documents/GitHub/Movie-Recommender-System/play-scala-rest-api-example/app/v1/post/PostController.scala
WARN  no build target: /home/yanjie/Documents/GitHub/Movie-Recommender-System/play-scala-rest-api-example/app/v1/post/PostController.scala
WARN  no build target: /home/yanjie/Documents/GitHub/Movie-Recommender-System/play-scala-rest-api-example/app/v1/post/PostRepository.scala
WARN  no build target: /home/yanjie/Documents/GitHub/Movie-Recommender-System/play-scala-rest-api-example/app/v1/post/PostRouter.scala
WARN  no build target: /home/yanjie/Documents/GitHub/Movie-Recommender-System/play-scala-rest-api-example/app/v1/post/PostRouter.scala
WARN  code navigation does not work for the file '/home/yanjie/Documents/GitHub/Movie-Recommender-System/play-scala-rest-api-example/app/v1/post/PostRouter.scala' because it doesn't belong to a build target.
WARN  code navigation does not work for the file '/home/yanjie/Documents/GitHub/Movie-Recommender-System/play-scala-rest-api-example/app/v1/post/PostRouter.scala' because it doesn't belong to a build target.
WARN  no build target: /home/yanjie/Documents/GitHub/Movie-Recommender-System/play-scala-rest-api-example/app/v1/post/PostRepository.scala
WARN  no build target: /home/yanjie/Documents/GitHub/Movie-Recommender-System/play-scala-rest-api-example/app/v1/post/PostController.scala
WARN  code navigation does not work for the file '/home/yanjie/Documents/GitHub/Movie-Recommender-System/play-scala-rest-api-example/app/v1/post/PostController.scala' because it doesn't belong to a build target.
WARN  code navigation does not work for the file '/home/yanjie/Documents/GitHub/Movie-Recommender-System/play-scala-rest-api-example/app/v1/post/PostController.scala' because it doesn't belong to a build target.
WARN  no build target: /home/yanjie/Documents/GitHub/Movie-Recommender-System/play-scala-rest-api-example/app/v1/post/PostController.scala
WARN  no build target: /home/yanjie/Documents/GitHub/Movie-Recommender-System/play-scala-rest-api-example/app/v1/post/PostController.scala
WARN  code navigation does not work for the file '/home/yanjie/Documents/GitHub/Movie-Recommender-System/play-scala-rest-api-example/app/v1/post/PostController.scala' because it doesn't belong to a build target.
WARN  code navigation does not work for the file '/home/yanjie/Documents/GitHub/Movie-Recommender-System/play-scala-rest-api-example/app/v1/post/PostController.scala' because it doesn't belong to a build target.
WARN  code navigation does not work for the file '/home/yanjie/Documents/GitHub/Movie-Recommender-System/play-scala-rest-api-example/app/v1/post/PostRouter.scala' because it doesn't belong to a build target.
WARN  code navigation does not work for the file '/home/yanjie/Documents/GitHub/Movie-Recommender-System/play-scala-rest-api-example/app/v1/post/PostRouter.scala' because it doesn't belong to a build target.
WARN  no build target: /home/yanjie/Documents/GitHub/Movie-Recommender-System/play-scala-rest-api-example/app/v1/post/PostRouter.scala
WARN  no build target: /home/yanjie/Documents/GitHub/Movie-Recommender-System/play-scala-rest-api-example/app/v1/post/PostRouter.scala
WARN  code navigation does not work for the file '/home/yanjie/Documents/GitHub/Movie-Recommender-System/play-scala-rest-api-example/app/v1/post/PostRouter.scala' because it doesn't belong to a build target.
WARN  code navigation does not work for the file '/home/yanjie/Documents/GitHub/Movie-Recommender-System/play-scala-rest-api-example/app/v1/post/PostRouter.scala' because it doesn't belong to a build target.
WARN  code navigation does not work for the file '/home/yanjie/Documents/GitHub/Movie-Recommender-System/play-scala-rest-api-example/app/v1/post/PostRouter.scala' because it doesn't belong to a build target.
WARN  code navigation does not work for the file '/home/yanjie/Documents/GitHub/Movie-Recommender-System/play-scala-rest-api-example/app/v1/post/PostRouter.scala' because it doesn't belong to a build target.
WARN  no build target: /home/yanjie/Documents/GitHub/Movie-Recommender-System/play-scala-rest-api-example/app/post/PostRouter.scala
WARN  no build target: /home/yanjie/Documents/GitHub/Movie-Recommender-System/play-scala-rest-api-example/app/post/PostRouter.scala
WARN  no build target: /home/yanjie/Documents/GitHub/Movie-Recommender-System/play-scala-rest-api-example/app/post/PostActionBuilder.scala
WARN  code navigation does not work for the file '/home/yanjie/Documents/GitHub/Movie-Recommender-System/play-scala-rest-api-example/app/post/PostActionBuilder.scala' because it doesn't belong to a build target.
WARN  code navigation does not work for the file '/home/yanjie/Documents/GitHub/Movie-Recommender-System/play-scala-rest-api-example/app/post/PostActionBuilder.scala' because it doesn't belong to a build target.
WARN  code navigation does not work for the file '/home/yanjie/Documents/GitHub/Movie-Recommender-System/play-scala-rest-api-example/app/post/PostActionBuilder.scala' because it doesn't belong to a build target.
WARN  code navigation does not work for the file '/home/yanjie/Documents/GitHub/Movie-Recommender-System/play-scala-rest-api-example/app/post/PostActionBuilder.scala' because it doesn't belong to a build target.
WARN  no build target: /home/yanjie/Documents/GitHub/Movie-Recommender-System/play-scala-rest-api-example/app/post/PostActionBuilder.scala
WARN  code navigation does not work for the file '/home/yanjie/Documents/GitHub/Movie-Recommender-System/play-scala-rest-api-example/app/post/PostActionBuilder.scala' because it doesn't belong to a build target.
WARN  code navigation does not work for the file '/home/yanjie/Documents/GitHub/Movie-Recommender-System/play-scala-rest-api-example/app/post/PostActionBuilder.scala' because it doesn't belong to a build target.
WARN  no build target: /home/yanjie/Documents/GitHub/Movie-Recommender-System/play-scala-rest-api-example/app/post/PostController.scala
WARN  code navigation does not work for the file '/home/yanjie/Documents/GitHub/Movie-Recommender-System/play-scala-rest-api-example/app/post/PostController.scala' because it doesn't belong to a build target.
WARN  code navigation does not work for the file '/home/yanjie/Documents/GitHub/Movie-Recommender-System/play-scala-rest-api-example/app/post/PostController.scala' because it doesn't belong to a build target.
WARN  code navigation does not work for the file '/home/yanjie/Documents/GitHub/Movie-Recommender-System/play-scala-rest-api-example/app/post/PostController.scala' because it doesn't belong to a build target.
WARN  code navigation does not work for the file '/home/yanjie/Documents/GitHub/Movie-Recommender-System/play-scala-rest-api-example/app/post/PostController.scala' because it doesn't belong to a build target.
WARN  code navigation does not work for the file '/home/yanjie/Documents/GitHub/Movie-Recommender-System/play-scala-rest-api-example/app/post/PostController.scala' because it doesn't belong to a build target.
WARN  code navigation does not work for the file '/home/yanjie/Documents/GitHub/Movie-Recommender-System/play-scala-rest-api-example/app/post/PostController.scala' because it doesn't belong to a build target.
WARN  no build target: /home/yanjie/Documents/GitHub/Movie-Recommender-System/play-scala-rest-api-example/app/post/PostController.scala
WARN  no build target: /home/yanjie/Documents/GitHub/Movie-Recommender-System/play-scala-rest-api-example/app/post/PostRepository.scala
WARN  code navigation does not work for the file '/home/yanjie/Documents/GitHub/Movie-Recommender-System/play-scala-rest-api-example/app/post/PostRepository.scala' because it doesn't belong to a build target.
WARN  code navigation does not work for the file '/home/yanjie/Documents/GitHub/Movie-Recommender-System/play-scala-rest-api-example/app/post/PostRepository.scala' because it doesn't belong to a build target.
WARN  code navigation does not work for the file '/home/yanjie/Documents/GitHub/Movie-Recommender-System/play-scala-rest-api-example/app/post/PostRepository.scala' because it doesn't belong to a build target.
WARN  code navigation does not work for the file '/home/yanjie/Documents/GitHub/Movie-Recommender-System/play-scala-rest-api-example/app/post/PostRepository.scala' because it doesn't belong to a build target.
WARN  no build target: /home/yanjie/Documents/GitHub/Movie-Recommender-System/play-scala-rest-api-example/app/post/PostRepository.scala
WARN  no build target: /home/yanjie/Documents/GitHub/Movie-Recommender-System/play-scala-rest-api-example/app/post/PostResourceHandler.scala
WARN  code navigation does not work for the file '/home/yanjie/Documents/GitHub/Movie-Recommender-System/play-scala-rest-api-example/app/post/PostResourceHandler.scala' because it doesn't belong to a build target.
WARN  code navigation does not work for the file '/home/yanjie/Documents/GitHub/Movie-Recommender-System/play-scala-rest-api-example/app/post/PostResourceHandler.scala' because it doesn't belong to a build target.
WARN  code navigation does not work for the file '/home/yanjie/Documents/GitHub/Movie-Recommender-System/play-scala-rest-api-example/app/post/PostResourceHandler.scala' because it doesn't belong to a build target.
WARN  code navigation does not work for the file '/home/yanjie/Documents/GitHub/Movie-Recommender-System/play-scala-rest-api-example/app/post/PostResourceHandler.scala' because it doesn't belong to a build target.
WARN  no build target: /home/yanjie/Documents/GitHub/Movie-Recommender-System/play-scala-rest-api-example/app/post/PostResourceHandler.scala
WARN  no build target: /home/yanjie/Documents/GitHub/Movie-Recommender-System/play-scala-rest-api-example/app/post/PostRouter.scala
WARN  code navigation does not work for the file '/home/yanjie/Documents/GitHub/Movie-Recommender-System/play-scala-rest-api-example/app/post/PostRouter.scala' because it doesn't belong to a build target.
WARN  code navigation does not work for the file '/home/yanjie/Documents/GitHub/Movie-Recommender-System/play-scala-rest-api-example/app/post/PostRouter.scala' because it doesn't belong to a build target.
WARN  no build target: /home/yanjie/Documents/GitHub/Movie-Recommender-System/play-scala-rest-api-example/app/post/PostRouter.scala
WARN  no build target: /home/yanjie/Documents/GitHub/Movie-Recommender-System/play-scala-rest-api-example/app/Module.scala
WARN  no build target: /home/yanjie/Documents/GitHub/Movie-Recommender-System/play-scala-rest-api-example/app/Module.scala
INFO  shutting down Metals
INFO  time: initialize in 2.31s
INFO  skipping build import with status 'Started'
INFO  shutting down Metals
INFO  time: initialize in 2.94s
INFO  skipping build import with status 'Started'
WARN  no build target: /home/yanjie/Documents/GitHub/Movie-Recommender-System/back-end/app/post/PostRouter.scala
INFO  no build target: using presentation compiler with only scala-library
Jul 23, 2019 4:34:30 PM scala.meta.internal.pc.CompilerAccess handleError
SEVERE: null
java.lang.NullPointerException
	at scala.meta.internal.pc.HoverProvider.seenFromType(HoverProvider.scala:106)
	at scala.meta.internal.pc.HoverProvider.$anonfun$hover$4(HoverProvider.scala:51)
	at scala.Option.map(Option.scala:163)
	at scala.meta.internal.pc.HoverProvider.$anonfun$hover$3(HoverProvider.scala:50)
	at scala.Option.flatMap(Option.scala:188)
	at scala.meta.internal.pc.HoverProvider.hover(HoverProvider.scala:49)

Jul 23, 2019 4:34:30 PM scala.meta.internal.pc.CompilerAccess handleError
SEVERE: null
java.lang.NullPointerException
	at scala.meta.internal.pc.HoverProvider.seenFromType(HoverProvider.scala:106)
	at scala.meta.internal.pc.HoverProvider.$anonfun$hover$4(HoverProvider.scala:51)
	at scala.Option.map(Option.scala:163)
	at scala.meta.internal.pc.HoverProvider.$anonfun$hover$3(HoverProvider.scala:50)
	at scala.Option.flatMap(Option.scala:188)
	at scala.meta.internal.pc.HoverProvider.hover(HoverProvider.scala:49)

WARN  no build target: /home/yanjie/Documents/GitHub/Movie-Recommender-System/back-end/app/post/PostRouter.scala
WARN  code navigation does not work for the file '/home/yanjie/Documents/GitHub/Movie-Recommender-System/back-end/app/post/PostRouter.scala' because it doesn't belong to a build target.
WARN  code navigation does not work for the file '/home/yanjie/Documents/GitHub/Movie-Recommender-System/back-end/app/post/PostRouter.scala' because it doesn't belong to a build target.
WARN  code navigation does not work for the file '/home/yanjie/Documents/GitHub/Movie-Recommender-System/back-end/app/post/PostRouter.scala' because it doesn't belong to a build target.
WARN  code navigation does not work for the file '/home/yanjie/Documents/GitHub/Movie-Recommender-System/back-end/app/post/PostRouter.scala' because it doesn't belong to a build target.
WARN  code navigation does not work for the file '/home/yanjie/Documents/GitHub/Movie-Recommender-System/back-end/app/post/PostRouter.scala' because it doesn't belong to a build target.
WARN  code navigation does not work for the file '/home/yanjie/Documents/GitHub/Movie-Recommender-System/back-end/app/post/PostRouter.scala' because it doesn't belong to a build target.
WARN  code navigation does not work for the file '/home/yanjie/Documents/GitHub/Movie-Recommender-System/back-end/app/post/PostRouter.scala' because it doesn't belong to a build target.
WARN  code navigation does not work for the file '/home/yanjie/Documents/GitHub/Movie-Recommender-System/back-end/app/post/PostRouter.scala' because it doesn't belong to a build target.
WARN  no build target: /home/yanjie/Documents/GitHub/Movie-Recommender-System/back-end/build.sbt
WARN  no build target: /home/yanjie/Documents/GitHub/Movie-Recommender-System/back-end/build.sbt
INFO  skipping build import with status 'Started'
WARN  no build target: 
WARN  no build target: /home/yanjie/Documents/GitHub/Movie-Recommender-System/back-end/build.sbt
WARN  no build target: 
WARN  no build target: /home/yanjie/Documents/GitHub/Movie-Recommender-System/back-end/build.sbt
WARN  no build target: 
INFO  running '/usr/lib/jvm/java-8-openjdk/jre/bin/java -Djline.terminal=jline.UnsupportedTerminal -Dsbt.log.noformat=true -Dfile.encoding=UTF-8 -jar /tmp/metals8775415989367530691/sbt-launch.jar metalsEnable bloopInstall'
INFO  [info] Loading settings for project global-plugins from metals.sbt ...
INFO  [info] Loading global plugins from /home/yanjie/.sbt/1.0/plugins
INFO  [info] Updating ProjectRef(uri("file:/home/yanjie/.sbt/1.0/plugins/"), "global-plugins")...
INFO  [info] Done updating.
INFO  skipping build import with status 'Started'
INFO  [info] Loading settings for project back-end-build from plugins.sbt ...
INFO  [info] Loading project definition from /home/yanjie/Documents/GitHub/Movie-Recommender-System/back-end/project
INFO  [info] Updating ProjectRef(uri("file:/home/yanjie/Documents/GitHub/Movie-Recommender-System/back-end/project/"), "back-end-build")...
ERROR Waiting for lock on /home/yanjie/.ivy2/.sbt.ivy.lock to be available...
INFO  [info] Done updating.
INFO  [warn] There may be incompatibilities among your library dependencies; run 'evicted' to see detailed eviction warnings.
INFO  [success] Generated .bloop/back-end-build.json
INFO  [success] Total time: 31 s, completed Jul 23, 2019 4:51:07 PM
INFO  [info] Updating ProjectRef(uri("file:/home/yanjie/Documents/GitHub/Movie-Recommender-System/back-end/project/"), "back-end-build")...
INFO  [info] Done updating.
INFO  [warn] There may be incompatibilities among your library dependencies; run 'evicted' to see detailed eviction warnings.
INFO  [error] java.lang.ClassNotFoundException: $3509142edd6b9be6572a$
INFO  [error] 	at scala.reflect.internal.util.AbstractFileClassLoader.findClass(AbstractFileClassLoader.scala:64)
INFO  [error] 	at java.lang.ClassLoader.loadClass(ClassLoader.java:424)
INFO  [error] 	at java.lang.ClassLoader.loadClass(ClassLoader.java:357)
INFO  [error] 	at java.lang.Class.forName0(Native Method)
INFO  [error] 	at java.lang.Class.forName(Class.java:348)
INFO  [error] 	at sbt.compiler.Eval$.getModule(Eval.scala:584)
INFO  [error] 	at sbt.compiler.EvalDefinitions.values(Eval.scala:58)
INFO  [error] 	at sbt.internal.DefinedSbtValues.$anonfun$values$1(LoadedSbtFile.scala:50)
INFO  [error] 	at scala.collection.TraversableLike.$anonfun$flatMap$1(TraversableLike.scala:240)
INFO  [error] 	at scala.collection.immutable.List.foreach(List.scala:388)
INFO  [error] 	at scala.collection.TraversableLike.flatMap(TraversableLike.scala:240)
INFO  [error] 	at scala.collection.TraversableLike.flatMap$(TraversableLike.scala:237)
INFO  [error] 	at scala.collection.immutable.List.flatMap(List.scala:351)
INFO  [error] 	at sbt.internal.DefinedSbtValues.values(LoadedSbtFile.scala:50)
INFO  [error] 	at sbt.internal.EvaluateConfigurations$.$anonfun$evaluateSbtFile$4(EvaluateConfigurations.scala:166)
INFO  [error] 	at sbt.internal.Load$.loadSettingsFile$1(Load.scala:1137)
INFO  [error] 	at sbt.internal.Load$.$anonfun$discoverProjects$2(Load.scala:1144)
INFO  [error] 	at scala.collection.MapLike.getOrElse(MapLike.scala:127)
INFO  [error] 	at scala.collection.MapLike.getOrElse$(MapLike.scala:125)
INFO  [error] 	at scala.collection.AbstractMap.getOrElse(Map.scala:59)
INFO  [error] 	at sbt.internal.Load$.memoLoadSettingsFile$1(Load.scala:1143)
INFO  [error] 	at sbt.internal.Load$.$anonfun$discoverProjects$4(Load.scala:1151)
INFO  [error] 	at scala.collection.TraversableLike.$anonfun$map$1(TraversableLike.scala:233)
INFO  [error] 	at scala.collection.mutable.ResizableArray.foreach(ResizableArray.scala:58)
INFO  [error] 	at scala.collection.mutable.ResizableArray.foreach$(ResizableArray.scala:51)
INFO  [error] 	at scala.collection.mutable.ArrayBuffer.foreach(ArrayBuffer.scala:47)
INFO  [error] 	at scala.collection.TraversableLike.map(TraversableLike.scala:233)
INFO  [error] 	at scala.collection.TraversableLike.map$(TraversableLike.scala:226)
INFO  [error] 	at scala.collection.AbstractTraversable.map(Traversable.scala:104)
INFO  [error] 	at sbt.internal.Load$.loadFiles$1(Load.scala:1151)
INFO  [error] 	at sbt.internal.Load$.discoverProjects(Load.scala:1165)
INFO  [error] 	at sbt.internal.Load$.discover$1(Load.scala:862)
INFO  [error] 	at sbt.internal.Load$.loadTransitive(Load.scala:937)
INFO  [error] 	at sbt.internal.Load$.loadProjects$1(Load.scala:726)
INFO  [error] 	at sbt.internal.Load$.$anonfun$loadUnit$11(Load.scala:729)
INFO  [error] 	at sbt.internal.Load$.timed(Load.scala:1395)
INFO  [error] 	at sbt.internal.Load$.$anonfun$loadUnit$1(Load.scala:729)
INFO  [error] 	at sbt.internal.Load$.timed(Load.scala:1395)
INFO  [error] 	at sbt.internal.Load$.loadUnit(Load.scala:688)
INFO  [error] 	at sbt.internal.Load$.$anonfun$builtinLoader$4(Load.scala:484)
INFO  [error] 	at sbt.internal.BuildLoader$.$anonfun$componentLoader$5(BuildLoader.scala:176)
INFO  [error] 	at sbt.internal.BuildLoader.apply(BuildLoader.scala:241)
INFO  [error] 	at sbt.internal.Load$.loadURI$1(Load.scala:546)
INFO  [error] 	at sbt.internal.Load$.loadAll(Load.scala:562)
INFO  [error] 	at sbt.internal.Load$.loadURI(Load.scala:492)
INFO  [error] 	at sbt.internal.Load$.load(Load.scala:471)
INFO  [error] 	at sbt.internal.Load$.$anonfun$apply$1(Load.scala:251)
INFO  [error] 	at sbt.internal.Load$.timed(Load.scala:1395)
INFO  [error] 	at sbt.internal.Load$.apply(Load.scala:251)
INFO  [error] 	at sbt.internal.Load$.defaultLoad(Load.scala:69)
INFO  [error] 	at sbt.BuiltinCommands$.liftedTree1$1(Main.scala:829)
INFO  [error] 	at sbt.BuiltinCommands$.doLoadProject(Main.scala:829)
INFO  [error] 	at sbt.BuiltinCommands$.$anonfun$loadProjectImpl$2(Main.scala:800)
INFO  [error] 	at sbt.Command$.$anonfun$applyEffect$4(Command.scala:142)
INFO  [error] 	at sbt.Command$.$anonfun$applyEffect$2(Command.scala:137)
INFO  [error] 	at sbt.Command$.process(Command.scala:181)
INFO  [error] 	at sbt.MainLoop$.processCommand(MainLoop.scala:151)
INFO  [error] 	at sbt.MainLoop$.$anonfun$next$2(MainLoop.scala:139)
INFO  [error] 	at sbt.State$$anon$1.runCmd$1(State.scala:246)
INFO  [error] 	at sbt.State$$anon$1.process(State.scala:250)
INFO  [error] 	at sbt.MainLoop$.$anonfun$next$1(MainLoop.scala:139)
INFO  [error] 	at sbt.internal.util.ErrorHandling$.wideConvert(ErrorHandling.scala:16)
INFO  [error] 	at sbt.MainLoop$.next(MainLoop.scala:139)
INFO  [error] 	at sbt.MainLoop$.run(MainLoop.scala:132)
INFO  [error] 	at sbt.MainLoop$.$anonfun$runWithNewLog$1(MainLoop.scala:110)
INFO  [error] 	at sbt.io.Using.apply(Using.scala:22)
INFO  [error] 	at sbt.MainLoop$.runWithNewLog(MainLoop.scala:104)
INFO  [error] 	at sbt.MainLoop$.runAndClearLast(MainLoop.scala:59)
INFO  [error] 	at sbt.MainLoop$.runLoggedLoop(MainLoop.scala:44)
INFO  [error] 	at sbt.MainLoop$.runLogged(MainLoop.scala:35)
INFO  [error] 	at sbt.StandardMain$.runManaged(Main.scala:138)
INFO  [error] 	at sbt.xMain.run(Main.scala:89)
INFO  [error] 	at xsbt.boot.Launch$$anonfun$run$1.apply(Launch.scala:109)
INFO  [error] 	at xsbt.boot.Launch$.withContextLoader(Launch.scala:128)
INFO  [error] 	at xsbt.boot.Launch$.run(Launch.scala:109)
INFO  [error] 	at xsbt.boot.Launch$$anonfun$apply$1.apply(Launch.scala:35)
INFO  [error] 	at xsbt.boot.Launch$.launch(Launch.scala:117)
INFO  [error] 	at xsbt.boot.Launch$.apply(Launch.scala:18)
INFO  [error] 	at xsbt.boot.Boot$.runImpl(Boot.scala:56)
INFO  [error] 	at xsbt.boot.Boot$.main(Boot.scala:18)
INFO  [error] 	at xsbt.boot.Boot.main(Boot.scala)
INFO  [error] java.lang.ClassNotFoundException: $3509142edd6b9be6572a$
INFO  [error] Use 'last' for the full log.
INFO  Project loading failed: (r)etry, (q)uit, (l)ast, or (i)gnore? 
INFO  build tool exit: 1
INFO  time: ran 'sbt bloopInstall' in 1m44s
ERROR sbt command failed: /usr/lib/jvm/java-8-openjdk/jre/bin/java -Djline.terminal=jline.UnsupportedTerminal -Dsbt.log.noformat=true -Dfile.encoding=UTF-8 -jar /tmp/metals8775415989367530691/sbt-launch.jar metalsEnable bloopInstall
WARN  no build target: /home/yanjie/Documents/GitHub/Movie-Recommender-System/back-end/build.sbt
WARN  no build target: 
INFO  running '/usr/lib/jvm/java-8-openjdk/jre/bin/java -Djline.terminal=jline.UnsupportedTerminal -Dsbt.log.noformat=true -Dfile.encoding=UTF-8 -jar /tmp/metals5134312571689842759/sbt-launch.jar metalsEnable bloopInstall'
WARN  no build target: /home/yanjie/Documents/GitHub/Movie-Recommender-System/back-end/app/post/PostActionBuilder.scala
INFO  [info] Loading settings for project global-plugins from metals.sbt ...
INFO  [info] Loading global plugins from /home/yanjie/.sbt/1.0/plugins
INFO  [info] Updating ProjectRef(uri("file:/home/yanjie/.sbt/1.0/plugins/"), "global-plugins")...
WARN  no build target: /home/yanjie/Documents/GitHub/Movie-Recommender-System/back-end/app/post/PostResourceHandler.scala
INFO  [info] Done updating.
INFO  [info] Loading settings for project back-end-build from plugins.sbt ...
INFO  [info] Loading project definition from /home/yanjie/Documents/GitHub/Movie-Recommender-System/back-end/project
INFO  [info] Updating ProjectRef(uri("file:/home/yanjie/Documents/GitHub/Movie-Recommender-System/back-end/project/"), "back-end-build")...
WARN  no build target: /home/yanjie/Documents/GitHub/Movie-Recommender-System/back-end/app/post/PostRepository.scala
INFO  [info] Done updating.
INFO  [warn] There may be incompatibilities among your library dependencies; run 'evicted' to see detailed eviction warnings.
INFO  [success] Generated .bloop/back-end-build.json
INFO  [success] Total time: 13 s, completed Jul 23, 2019 4:57:42 PM
INFO  [info] Updating ProjectRef(uri("file:/home/yanjie/Documents/GitHub/Movie-Recommender-System/back-end/project/"), "back-end-build")...
WARN  no build target: /home/yanjie/Documents/GitHub/Movie-Recommender-System/back-end/app/post/PostRepository.scala
WARN  no build target: /home/yanjie/Documents/GitHub/Movie-Recommender-System/back-end/app/post/PostRepository.scala
INFO  [info] Done updating.
INFO  [warn] There may be incompatibilities among your library dependencies; run 'evicted' to see detailed eviction warnings.
INFO  [info] Loading settings for project root from build.sbt ...
INFO  [info] Loading settings for project docs from build.sbt ...
INFO  [info] Set current project to play-scala-rest-api-example (in build file:/home/yanjie/Documents/GitHub/Movie-Recommender-System/back-end/)
INFO  [info] Set current project to play-scala-rest-api-example (in build file:/home/yanjie/Documents/GitHub/Movie-Recommender-System/back-end/)
INFO  [info] semanticdb-scalac is enabled
INFO  [info] Updating docs...
INFO  [info] Updating ...
INFO  [info] downloading https://repo1.maven.org/maven2/com/lightbend/paradox/paradox-theme-generic/0.4.4/paradox-theme-generic-0.4.4.jar ...
INFO  [info] downloading https://repo1.maven.org/maven2/org/scalameta/semanticdb-scalac_2.12.7/4.2.0/semanticdb-scalac_2.12.7-4.2.0.jar ...
INFO  [info] 	[SUCCESSFUL ] com.lightbend.paradox#paradox-theme-generic;0.4.4!paradox-theme-generic.jar (350ms)
INFO  [info] 	[SUCCESSFUL ] org.scalameta#semanticdb-scalac_2.12.7;4.2.0!semanticdb-scalac_2.12.7.jar (2896ms)
INFO  [info] Done updating.
INFO  [info] Done updating.
INFO  [warn] There may be incompatibilities among your library dependencies; run 'evicted' to see detailed eviction warnings.
INFO  [info] downloading https://repo1.maven.org/maven2/org/scala-lang/scala-library/2.12.7/scala-library-2.12.7-sources.jar ...
INFO  [info] downloading https://repo1.maven.org/maven2/com/lightbend/paradox/paradox-theme-generic/0.4.4/paradox-theme-generic-0.4.4-sources.jar ...
INFO  [info] downloading https://repo1.maven.org/maven2/com/lihaoyi/scalaparse_2.12/0.4.2/scalaparse_2.12-0.4.2-sources.jar ...
INFO  [info] downloading https://repo1.maven.org/maven2/org/scala-lang/scala-reflect/2.12.7/scala-reflect-2.12.7-sources.jar ...
INFO  [info] downloading https://repo1.maven.org/maven2/org/scalameta/semanticdb-scalac_2.12.7/4.2.0/semanticdb-scalac_2.12.7-4.2.0-sources.jar ...
INFO  [info] downloading https://repo1.maven.org/maven2/org/scala-lang/scala-compiler/2.12.7/scala-compiler-2.12.7-sources.jar ...
INFO  [info] 	[SUCCESSFUL ] com.lihaoyi#scalaparse_2.12;0.4.2!scalaparse_2.12.jar(src) (233ms)
INFO  [info] 	[SUCCESSFUL ] org.scalameta#semanticdb-scalac_2.12.7;4.2.0!semanticdb-scalac_2.12.7.jar(src) (276ms)
INFO  [info] 	[SUCCESSFUL ] com.lightbend.paradox#paradox-theme-generic;0.4.4!paradox-theme-generic.jar(src) (298ms)
INFO  [info] downloading https://repo1.maven.org/maven2/org/scalameta/scalameta_2.12/1.7.0/scalameta_2.12-1.7.0-sources.jar ...
INFO  [info] downloading https://repo1.maven.org/maven2/com/google/protobuf/protobuf-java/3.2.0/protobuf-java-3.2.0-sources.jar ...
INFO  [info] downloading https://repo1.maven.org/maven2/com/trueaccord/scalapb/scalapb-runtime_2.12/0.6.0-pre2/scalapb-runtime_2.12-0.6.0-pre2-sources.jar ...
INFO  [info] 	[SUCCESSFUL ] org.scalameta#scalameta_2.12;1.7.0!scalameta_2.12.jar(src) (149ms)
INFO  [info] 	[SUCCESSFUL ] org.scala-lang#scala-reflect;2.12.7!scala-reflect.jar(src) (407ms)
INFO  [info] downloading https://repo1.maven.org/maven2/com/geirsson/metaconfig-core_2.12/0.4.0/metaconfig-core_2.12-0.4.0-sources.jar ...
INFO  [info] downloading https://repo1.maven.org/maven2/org/scalameta/parsers_2.12/1.7.0/parsers_2.12-1.7.0-sources.jar ...
INFO  [info] 	[SUCCESSFUL ] org.scalameta#parsers_2.12;1.7.0!parsers_2.12.jar(src) (302ms)
INFO  [info] 	[SUCCESSFUL ] com.trueaccord.scalapb#scalapb-runtime_2.12;0.6.0-pre2!scalapb-runtime_2.12.jar(src) (451ms)
INFO  [info] 	[SUCCESSFUL ] com.geirsson#metaconfig-core_2.12;0.4.0!metaconfig-core_2.12.jar(src) (352ms)
INFO  [info] downloading https://repo1.maven.org/maven2/org/scalameta/tokens_2.12/1.7.0/tokens_2.12-1.7.0-sources.jar ...
INFO  [info] downloading https://repo1.maven.org/maven2/org/scala-lang/scala-library/2.12.2/scala-library-2.12.2-sources.jar ...
INFO  [info] downloading https://repo1.maven.org/maven2/org/scalameta/semantic_2.12/1.7.0/semantic_2.12-1.7.0-sources.jar ...
INFO  [info] 	[SUCCESSFUL ] org.scala-lang#scala-library;2.12.7!scala-library.jar(src) (808ms)
INFO  [info] downloading https://repo1.maven.org/maven2/org/scalameta/tokenizers_2.12/1.7.0/tokenizers_2.12-1.7.0-sources.jar ...
INFO  [info] 	[SUCCESSFUL ] org.scalameta#tokens_2.12;1.7.0!tokens_2.12.jar(src) (609ms)
INFO  [info] downloading https://repo1.maven.org/maven2/com/lihaoyi/fastparse-utils_2.12/0.4.2/fastparse-utils_2.12-0.4.2-sources.jar ...
INFO  [info] 	[SUCCESSFUL ] com.google.protobuf#protobuf-java;3.2.0!protobuf-java.jar(src) (1072ms)
INFO  [info] 	[SUCCESSFUL ] org.scalameta#semantic_2.12;1.7.0!semantic_2.12.jar(src) (595ms)
INFO  [info] downloading https://repo1.maven.org/maven2/org/scalameta/quasiquotes_2.12/1.7.0/quasiquotes_2.12-1.7.0-sources.jar ...
INFO  [info] 	[SUCCESSFUL ] org.scalameta#tokenizers_2.12;1.7.0!tokenizers_2.12.jar(src) (575ms)
INFO  [info] downloading https://repo1.maven.org/maven2/org/scalameta/common_2.12/1.7.0/common_2.12-1.7.0-sources.jar ...
INFO  [info] 	[SUCCESSFUL ] com.lihaoyi#fastparse-utils_2.12;0.4.2!fastparse-utils_2.12.jar(src) (68ms)
INFO  [info] downloading https://repo1.maven.org/maven2/com/typesafe/config/1.2.1/config-1.2.1-sources.jar ...
INFO  [info] 	[SUCCESSFUL ] org.scalameta#quasiquotes_2.12;1.7.0!quasiquotes_2.12.jar(src) (61ms)
INFO  [info] downloading https://repo1.maven.org/maven2/org/scalameta/dialects_2.12/1.7.0/dialects_2.12-1.7.0-sources.jar ...
INFO  [info] downloading https://repo1.maven.org/maven2/org/scalameta/trees_2.12/1.7.0/trees_2.12-1.7.0-sources.jar ...
INFO  [info] 	[SUCCESSFUL ] org.scalameta#common_2.12;1.7.0!common_2.12.jar(src) (124ms)
INFO  [info] 	[SUCCESSFUL ] org.scala-lang#scala-library;2.12.2!scala-library.jar(src) (775ms)
INFO  [info] 	[SUCCESSFUL ] org.scalameta#trees_2.12;1.7.0!trees_2.12.jar(src) (103ms)
INFO  [info] 	[SUCCESSFUL ] org.scalameta#dialects_2.12;1.7.0!dialects_2.12.jar(src) (90ms)
INFO  [info] downloading https://repo1.maven.org/maven2/com/lihaoyi/sourcecode_2.12/0.1.3/sourcecode_2.12-0.1.3-sources.jar ...
INFO  [info] downloading https://repo1.maven.org/maven2/org/scalameta/transversers_2.12/1.7.0/transversers_2.12-1.7.0-sources.jar ...
INFO  [info] downloading https://repo1.maven.org/maven2/org/scalameta/inline_2.12/1.7.0/inline_2.12-1.7.0-sources.jar ...
INFO  [info] downloading https://repo1.maven.org/maven2/org/scalameta/io_2.12/1.7.0/io_2.12-1.7.0-sources.jar ...
INFO  [info] 	[SUCCESSFUL ] com.typesafe#config;1.2.1!config.jar(src) (192ms)
INFO  [info] 	[SUCCESSFUL ] org.scala-lang#scala-compiler;2.12.7!scala-compiler.jar(src) (1594ms)
INFO  [info] downloading https://repo1.maven.org/maven2/org/scalameta/inputs_2.12/1.7.0/inputs_2.12-1.7.0-sources.jar ...
INFO  [info] 	[SUCCESSFUL ] org.scalameta#inline_2.12;1.7.0!inline_2.12.jar(src) (77ms)
INFO  [info] downloading https://repo1.maven.org/maven2/com/geirsson/scalafmt-core_2.12/1.3.0/scalafmt-core_2.12-1.3.0-sources.jar ...
INFO  [info] downloading https://repo1.maven.org/maven2/com/trueaccord/lenses/lenses_2.12/0.4.10/lenses_2.12-0.4.10-sources.jar ...
INFO  [info] 	[SUCCESSFUL ] com.lihaoyi#sourcecode_2.12;0.1.3!sourcecode_2.12.jar(src) (131ms)
INFO  [info] 	[SUCCESSFUL ] org.scalameta#io_2.12;1.7.0!io_2.12.jar(src) (72ms)
INFO  [info] 	[SUCCESSFUL ] org.scalameta#transversers_2.12;1.7.0!transversers_2.12.jar(src) (120ms)
INFO  [info] downloading https://repo1.maven.org/maven2/com/lihaoyi/fastparse_2.12/0.4.2/fastparse_2.12-0.4.2-sources.jar ...
INFO  [info] downloading https://repo1.maven.org/maven2/com/geirsson/metaconfig-typesafe-config_2.12/0.4.0/metaconfig-typesafe-config_2.12-0.4.0-sources.jar ...
INFO  [info] 	[SUCCESSFUL ] org.scalameta#inputs_2.12;1.7.0!inputs_2.12.jar(src) (93ms)
INFO  [info] 	[SUCCESSFUL ] com.trueaccord.lenses#lenses_2.12;0.4.10!lenses_2.12.jar(src) (85ms)
INFO  [info] downloading https://repo1.maven.org/maven2/com/lucidchart/scalafmt-impl_2.12/1.15-1.0/scalafmt-impl_2.12-1.15-1.0-sources.jar ...
INFO  [info] 	[SUCCESSFUL ] com.geirsson#scalafmt-core_2.12;1.3.0!scalafmt-core_2.12.jar(src) (91ms)
INFO  [info] 	[SUCCESSFUL ] com.geirsson#metaconfig-typesafe-config_2.12;0.4.0!metaconfig-typesafe-config_2.12.jar(src) (104ms)
INFO  [info] 	[SUCCESSFUL ] com.lihaoyi#fastparse_2.12;0.4.2!fastparse_2.12.jar(src) (112ms)
INFO  [info] 	[SUCCESSFUL ] com.lucidchart#scalafmt-impl_2.12;1.15-1.0!scalafmt-impl_2.12.jar(src) (103ms)
INFO  [success] Generated .bloop/docs-test.json
INFO  [success] Generated .bloop/docs.json
INFO  [info] downloading https://repo1.maven.org/maven2/com/typesafe/play/play-guice_2.12/2.7.0/play-guice_2.12-2.7.0-sources.jar ...
INFO  [info] downloading https://repo1.maven.org/maven2/com/fasterxml/jackson/datatype/jackson-datatype-jsr310/2.9.8/jackson-datatype-jsr310-2.9.8-sources.jar ...
INFO  [info] downloading https://repo1.maven.org/maven2/com/typesafe/play/filters-helpers_2.12/2.7.0/filters-helpers_2.12-2.7.0-sources.jar ...
INFO  [info] downloading https://repo1.maven.org/maven2/net/codingwell/scala-guice_2.12/4.2.1/scala-guice_2.12-4.2.1-sources.jar ...
INFO  [info] downloading https://repo1.maven.org/maven2/com/google/guava/guava/27.0-jre/guava-27.0-jre-sources.jar ...
INFO  [info] downloading https://repo1.maven.org/maven2/javax/activation/javax.activation-api/1.2.0/javax.activation-api-1.2.0-sources.jar ...
INFO  [info] 	[SUCCESSFUL ] com.fasterxml.jackson.datatype#jackson-datatype-jsr310;2.9.8!jackson-datatype-jsr310.jar(src) (213ms)
INFO  [info] 	[SUCCESSFUL ] com.typesafe.play#play-guice_2.12;2.7.0!play-guice_2.12.jar(src) (214ms)
INFO  [info] 	[SUCCESSFUL ] com.typesafe.play#filters-helpers_2.12;2.7.0!filters-helpers_2.12.jar(src) (291ms)
INFO  [info] downloading https://repo1.maven.org/maven2/com/typesafe/play/play-akka-http-server_2.12/2.7.0/play-akka-http-server_2.12-2.7.0-sources.jar ...
INFO  [info] downloading https://repo1.maven.org/maven2/org/scala-lang/modules/scala-xml_2.12/1.1.0/scala-xml_2.12-1.1.0-sources.jar ...
INFO  [info] 	[SUCCESSFUL ] javax.activation#javax.activation-api;1.2.0!javax.activation-api.jar(src) (323ms)
INFO  [info] downloading https://repo1.maven.org/maven2/org/scala-lang/modules/scala-parser-combinators_2.12/1.1.1/scala-parser-combinators_2.12-1.1.1-sources.jar ...
INFO  [info] downloading https://repo1.maven.org/maven2/com/typesafe/play/play-json_2.12/2.7.0/play-json_2.12-2.7.0-sources.jar ...
INFO  [info] 	[SUCCESSFUL ] com.typesafe.play#play-akka-http-server_2.12;2.7.0!play-akka-http-server_2.12.jar(src) (241ms)
INFO  [info] 	[SUCCESSFUL ] net.codingwell#scala-guice_2.12;4.2.1!scala-guice_2.12.jar(src) (459ms)
INFO  [info] 	[SUCCESSFUL ] org.scala-lang.modules#scala-parser-combinators_2.12;1.1.1!scala-parser-combinators_2.12.jar(src) (168ms)
INFO  [info] 	[SUCCESSFUL ] org.scala-lang.modules#scala-xml_2.12;1.1.0!scala-xml_2.12.jar(src) (245ms)
INFO  [info] downloading https://repo1.maven.org/maven2/io/spray/spray-json_2.12/1.3.2/spray-json_2.12-1.3.2-sources.jar ...
INFO  [info] downloading https://repo1.maven.org/maven2/net/logstash/logback/logstash-logback-encoder/5.2/logstash-logback-encoder-5.2-sources.jar ...
INFO  [info] 	[SUCCESSFUL ] com.google.guava#guava;27.0-jre!guava.jar(src) (474ms)
INFO  [info] 	[SUCCESSFUL ] com.typesafe.play#play-json_2.12;2.7.0!play-json_2.12.jar(src) (152ms)
INFO  [info] downloading https://repo1.maven.org/maven2/com/netaporter/scala-uri_2.12/0.4.16/scala-uri_2.12-0.4.16-sources.jar ...
INFO  [info] downloading https://repo1.maven.org/maven2/com/typesafe/play/play_2.12/2.7.0/play_2.12-2.7.0-sources.jar ...
INFO  [info] downloading https://repo1.maven.org/maven2/com/typesafe/play/build-link/2.7.0/build-link-2.7.0-sources.jar ...
INFO  [info] downloading https://repo1.maven.org/maven2/com/google/guava/failureaccess/1.0/failureaccess-1.0-sources.jar ...
INFO  [info] 	[SUCCESSFUL ] io.spray#spray-json_2.12;1.3.2!spray-json_2.12.jar(src) (162ms)
INFO  [info] 	[SUCCESSFUL ] com.netaporter#scala-uri_2.12;0.4.16!scala-uri_2.12.jar(src) (160ms)
INFO  [info] downloading https://repo1.maven.org/maven2/org/scala-lang/modules/scala-java8-compat_2.12/0.9.0/scala-java8-compat_2.12-0.9.0-sources.jar ...
INFO  [info] 	[SUCCESSFUL ] net.logstash.logback#logstash-logback-encoder;5.2!logstash-logback-encoder.jar(src) (176ms)
INFO  [info] 	[SUCCESSFUL ] com.typesafe.play#build-link;2.7.0!build-link.jar(src) (162ms)
INFO  [info] 	[SUCCESSFUL ] com.google.guava#failureaccess;1.0!failureaccess.jar(src) (168ms)
INFO  [info] downloading https://repo1.maven.org/maven2/org/scala-lang/modules/scala-collection-compat_2.12/0.1.1/scala-collection-compat_2.12-0.1.1-sources.jar ...
INFO  [info] downloading https://repo1.maven.org/maven2/com/typesafe/play/twirl-api_2.12/1.4.0/twirl-api_2.12-1.4.0-sources.jar ...
INFO  [info] downloading https://repo1.maven.org/maven2/com/typesafe/akka/akka-http-core_2.12/10.1.7/akka-http-core_2.12-10.1.7-sources.jar ...
INFO  [info] 	[SUCCESSFUL ] com.typesafe.play#play_2.12;2.7.0!play_2.12.jar(src) (207ms)
INFO  [info] downloading https://repo1.maven.org/maven2/com/typesafe/akka/akka-stream_2.12/2.5.19/akka-stream_2.12-2.5.19-sources.jar ...
INFO  [info] 	[SUCCESSFUL ] org.scala-lang.modules#scala-collection-compat_2.12;0.1.1!scala-collection-compat_2.12.jar(src) (128ms)
INFO  [info] 	[SUCCESSFUL ] org.scala-lang.modules#scala-java8-compat_2.12;0.9.0!scala-java8-compat_2.12.jar(src) (163ms)
INFO  [info] downloading https://repo1.maven.org/maven2/com/typesafe/play/play-streams_2.12/2.7.0/play-streams_2.12-2.7.0-sources.jar ...
INFO  [info] 	[SUCCESSFUL ] com.typesafe.play#twirl-api_2.12;1.4.0!twirl-api_2.12.jar(src) (153ms)
INFO  [info] downloading https://repo1.maven.org/maven2/org/codehaus/mojo/animal-sniffer-annotations/1.17/animal-sniffer-annotations-1.17-sources.jar ...
INFO  [info] 	[SUCCESSFUL ] com.typesafe.akka#akka-http-core_2.12;10.1.7!akka-http-core_2.12.jar(src) (192ms)
INFO  [info] downloading https://repo1.maven.org/maven2/io/jsonwebtoken/jjwt/0.9.1/jjwt-0.9.1-sources.jar ...
INFO  [info] downloading https://repo1.maven.org/maven2/com/typesafe/play/play-exceptions/2.7.0/play-exceptions-2.7.0-sources.jar ...
INFO  [info] 	[SUCCESSFUL ] org.codehaus.mojo#animal-sniffer-annotations;1.17!animal-sniffer-annotations.jar(src) (137ms)
INFO  [info] 	[SUCCESSFUL ] com.typesafe.play#play-streams_2.12;2.7.0!play-streams_2.12.jar(src) (161ms)
INFO  [info] downloading https://repo1.maven.org/maven2/javax/xml/bind/jaxb-api/2.3.1/jaxb-api-2.3.1-sources.jar ...
INFO  [info] downloading https://repo1.maven.org/maven2/com/typesafe/ssl-config-core_2.12/0.3.7/ssl-config-core_2.12-0.3.7-sources.jar ...
INFO  [info] 	[SUCCESSFUL ] com.typesafe.akka#akka-stream_2.12;2.5.19!akka-stream_2.12.jar(src) (268ms)
INFO  [info] 	[SUCCESSFUL ] com.typesafe.play#play-exceptions;2.7.0!play-exceptions.jar(src) (105ms)
INFO  [info] 	[SUCCESSFUL ] io.jsonwebtoken#jjwt;0.9.1!jjwt.jar(src) (149ms)
INFO  [info] downloading https://repo1.maven.org/maven2/com/typesafe/akka/akka-slf4j_2.12/2.5.19/akka-slf4j_2.12-2.5.19-sources.jar ...
INFO  [info] downloading https://repo1.maven.org/maven2/com/typesafe/play/play-functional_2.12/2.7.0/play-functional_2.12-2.7.0-sources.jar ...
INFO  [info] downloading https://repo1.maven.org/maven2/com/typesafe/akka/akka-actor_2.12/2.5.19/akka-actor_2.12-2.5.19-sources.jar ...
INFO  [info] 	[SUCCESSFUL ] com.typesafe#ssl-config-core_2.12;0.3.7!ssl-config-core_2.12.jar(src) (148ms)
INFO  [info] 	[SUCCESSFUL ] com.typesafe.play#play-functional_2.12;2.7.0!play-functional_2.12.jar(src) (157ms)
INFO  [info] 	[SUCCESSFUL ] com.typesafe.akka#akka-slf4j_2.12;2.5.19!akka-slf4j_2.12.jar(src) (158ms)
INFO  [info] downloading https://repo1.maven.org/maven2/joda-time/joda-time/2.10.1/joda-time-2.10.1-sources.jar ...
INFO  [info] 	[SUCCESSFUL ] javax.xml.bind#jaxb-api;2.3.1!jaxb-api.jar(src) (212ms)
INFO  [info] downloading https://repo1.maven.org/maven2/org/joda/joda-convert/2.1.2/joda-convert-2.1.2-sources.jar ...
INFO  [info] downloading https://repo1.maven.org/maven2/com/typesafe/config/1.3.3/config-1.3.3-sources.jar ...
INFO  [info] downloading https://repo1.maven.org/maven2/org/checkerframework/checker-qual/2.5.2/checker-qual-2.5.2-sources.jar ...
INFO  [info] 	[SUCCESSFUL ] com.typesafe.akka#akka-actor_2.12;2.5.19!akka-actor_2.12.jar(src) (349ms)
INFO  [info] 	[SUCCESSFUL ] org.joda#joda-convert;2.1.2!joda-convert.jar(src) (225ms)
INFO  [info] downloading https://repo1.maven.org/maven2/com/google/inject/guice/4.2.2/guice-4.2.2-sources.jar ...
INFO  [info] downloading https://repo1.maven.org/maven2/com/typesafe/play/play-logback_2.12/2.7.0/play-logback_2.12-2.7.0-sources.jar ...
INFO  [info] 	[SUCCESSFUL ] org.checkerframework#checker-qual;2.5.2!checker-qual.jar(src) (243ms)
INFO  [info] 	[SUCCESSFUL ] com.typesafe#config;1.3.3!config.jar(src) (282ms)
INFO  [info] downloading https://repo1.maven.org/maven2/com/fasterxml/jackson/datatype/jackson-datatype-jdk8/2.9.8/jackson-datatype-jdk8-2.9.8-sources.jar ...
INFO  [info] downloading https://repo1.maven.org/maven2/org/parboiled/parboiled_2.12/2.1.3/parboiled_2.12-2.1.3-sources.jar ...
INFO  [info] 	[SUCCESSFUL ] com.typesafe.play#play-logback_2.12;2.7.0!play-logback_2.12.jar(src) (188ms)
INFO  [info] downloading https://repo1.maven.org/maven2/com/chuusai/shapeless_2.12/2.3.2/shapeless_2.12-2.3.2-sources.jar ...
INFO  [info] 	[SUCCESSFUL ] joda-time#joda-time;2.10.1!joda-time.jar(src) (476ms)
INFO  [info] 	[SUCCESSFUL ] com.google.inject#guice;4.2.2!guice.jar(src) (251ms)
INFO  [info] 	[SUCCESSFUL ] com.fasterxml.jackson.datatype#jackson-datatype-jdk8;2.9.8!jackson-datatype-jdk8.jar(src) (185ms)
INFO  [warn] 	Detected merged artifact: [FAILED     ] com.google.guava#listenablefuture;9999.0-empty-to-avoid-conflict-with-guava!listenablefuture.jar(src):  (0ms).
INFO  [warn] ==== local: tried
INFO  [warn] ==== public: tried
INFO  [warn] ==== local-preloaded-ivy: tried
INFO  [warn]   /home/yanjie/.sbt/preloaded/com.google.guava/listenablefuture/9999.0-empty-to-avoid-conflict-with-guava/srcs/listenablefuture-sources.jar
INFO  [warn] ==== local-preloaded: tried
INFO  [warn]   file:////home/yanjie/.sbt/preloaded/com/google/guava/listenablefuture/9999.0-empty-to-avoid-conflict-with-guava/listenablefuture-9999.0-empty-to-avoid-conflict-with-guava-sources.jar
INFO  [warn] ==== typesafe-releases: tried
INFO  [warn]   https://repo.typesafe.com/typesafe/releases/com/google/guava/listenablefuture/9999.0-empty-to-avoid-conflict-with-guava/listenablefuture-9999.0-empty-to-avoid-conflict-with-guava-sources.jar
INFO  [info] 	[SUCCESSFUL ] org.parboiled#parboiled_2.12;2.1.3!parboiled_2.12.jar(src) (192ms)
INFO  [info] downloading https://repo1.maven.org/maven2/com/typesafe/play/play-server_2.12/2.7.0/play-server_2.12-2.7.0-sources.jar ...
INFO  [info] downloading https://repo1.maven.org/maven2/com/fasterxml/jackson/core/jackson-core/2.9.8/jackson-core-2.9.8-sources.jar ...
INFO  [info] downloading https://repo1.maven.org/maven2/com/fasterxml/jackson/core/jackson-databind/2.9.8/jackson-databind-2.9.8-sources.jar ...
INFO  [info] downloading https://repo1.maven.org/maven2/com/typesafe/akka/akka-parsing_2.12/10.1.7/akka-parsing_2.12-10.1.7-sources.jar ...
INFO  [info] downloading https://repo1.maven.org/maven2/com/typesafe/akka/akka-protobuf_2.12/2.5.19/akka-protobuf_2.12-2.5.19-sources.jar ...
INFO  [info] 	[SUCCESSFUL ] com.typesafe.play#play-server_2.12;2.7.0!play-server_2.12.jar(src) (273ms)
INFO  [info] 	[SUCCESSFUL ] com.typesafe.akka#akka-parsing_2.12;10.1.7!akka-parsing_2.12.jar(src) (327ms)
INFO  [info] downloading https://repo1.maven.org/maven2/com/google/inject/extensions/guice-assistedinject/4.2.2/guice-assistedinject-4.2.2-sources.jar ...
INFO  [info] 	[SUCCESSFUL ] com.typesafe.akka#akka-protobuf_2.12;2.5.19!akka-protobuf_2.12.jar(src) (296ms)
INFO  [info] 	[SUCCESSFUL ] com.fasterxml.jackson.core#jackson-core;2.9.8!jackson-core.jar(src) (331ms)
INFO  [info] 	[SUCCESSFUL ] com.chuusai#shapeless_2.12;2.3.2!shapeless_2.12.jar(src) (396ms)
INFO  [info] downloading https://repo1.maven.org/maven2/com/google/errorprone/error_prone_annotations/2.2.0/error_prone_annotations-2.2.0-sources.jar ...
INFO  [info] downloading https://repo1.maven.org/maven2/org/seleniumhq/selenium/selenium-java/3.141.59/selenium-java-3.141.59-sources.jar ...
INFO  [info] downloading https://repo1.maven.org/maven2/org/scala-lang/modules/scala-xml_2.12/1.1.1/scala-xml_2.12-1.1.1-sources.jar ...
INFO  [info] downloading https://repo1.maven.org/maven2/com/fasterxml/jackson/core/jackson-annotations/2.9.8/jackson-annotations-2.9.8-sources.jar ...
INFO  [info] 	[SUCCESSFUL ] com.google.inject.extensions#guice-assistedinject;4.2.2!guice-assistedinject.jar(src) (147ms)
INFO  [info] 	[SUCCESSFUL ] com.google.errorprone#error_prone_annotations;2.2.0!error_prone_annotations.jar(src) (103ms)
INFO  [info] 	[SUCCESSFUL ] org.seleniumhq.selenium#selenium-java;3.141.59!selenium-java.jar(src) (90ms)
INFO  [info] 	[SUCCESSFUL ] org.scala-lang.modules#scala-xml_2.12;1.1.1!scala-xml_2.12.jar(src) (109ms)
INFO  [info] downloading https://repo1.maven.org/maven2/org/seleniumhq/selenium/selenium-api/3.141.59/selenium-api-3.141.59-sources.jar ...
INFO  [info] 	[SUCCESSFUL ] com.fasterxml.jackson.core#jackson-databind;2.9.8!jackson-databind.jar(src) (436ms)
INFO  [info] 	[SUCCESSFUL ] com.fasterxml.jackson.core#jackson-annotations;2.9.8!jackson-annotations.jar(src) (144ms)
INFO  [info] downloading https://repo1.maven.org/maven2/org/apache/commons/commons-lang3/3.8/commons-lang3-3.8-sources.jar ...
INFO  [info] downloading https://repo1.maven.org/maven2/io/netty/netty-transport-native-epoll/4.1.31.Final/netty-transport-native-epoll-4.1.31.Final-sources.jar ...
INFO  [info] downloading https://repo1.maven.org/maven2/com/typesafe/play/play-ws-standalone-json_2.12/2.0.1/play-ws-standalone-json_2.12-2.0.1-sources.jar ...
INFO  [info] downloading https://repo1.maven.org/maven2/org/scalatest/scalatest_2.12/3.0.5/scalatest_2.12-3.0.5-sources.jar ...
INFO  [info] downloading https://repo1.maven.org/maven2/com/typesafe/play/cachecontrol_2.12/1.1.5/cachecontrol_2.12-1.1.5-sources.jar ...
INFO  [info] 	[SUCCESSFUL ] io.netty#netty-transport-native-epoll;4.1.31.Final!netty-transport-native-epoll.jar(src) (395ms)
INFO  [info] 	[SUCCESSFUL ] org.seleniumhq.selenium#selenium-api;3.141.59!selenium-api.jar(src) (424ms)
INFO  [info] 	[SUCCESSFUL ] com.typesafe.play#cachecontrol_2.12;1.1.5!cachecontrol_2.12.jar(src) (446ms)
INFO  [info] 	[SUCCESSFUL ] com.typesafe.play#play-ws-standalone-json_2.12;2.0.1!play-ws-standalone-json_2.12.jar(src) (437ms)
INFO  [info] downloading https://repo1.maven.org/maven2/com/typesafe/play/play-ws-standalone_2.12/2.0.1/play-ws-standalone_2.12-2.0.1-sources.jar ...
INFO  [info] downloading https://repo1.maven.org/maven2/org/seleniumhq/selenium/selenium-safari-driver/3.141.59/selenium-safari-driver-3.141.59-sources.jar ...
INFO  [info] downloading https://repo1.maven.org/maven2/com/thoughtworks/paranamer/paranamer/2.8/paranamer-2.8-sources.jar ...
INFO  [info] downloading https://repo1.maven.org/maven2/org/seleniumhq/selenium/selenium-remote-driver/3.141.59/selenium-remote-driver-3.141.59-sources.jar ...
INFO  [info] 	[SUCCESSFUL ] org.apache.commons#commons-lang3;3.8!commons-lang3.jar(src) (543ms)
INFO  [info] 	[SUCCESSFUL ] org.seleniumhq.selenium#selenium-safari-driver;3.141.59!selenium-safari-driver.jar(src) (149ms)
INFO  [info] 	[SUCCESSFUL ] com.thoughtworks.paranamer#paranamer;2.8!paranamer.jar(src) (149ms)
INFO  [info] downloading https://repo1.maven.org/maven2/io/gatling/gatling-core/3.0.1.1/gatling-core-3.0.1.1-sources.jar ...
INFO  [info] downloading https://repo1.maven.org/maven2/io/netty/netty-resolver/4.1.31.Final/netty-resolver-4.1.31.Final-sources.jar ...
INFO  [info] 	[SUCCESSFUL ] org.scalatest#scalatest_2.12;3.0.5!scalatest_2.12.jar(src) (580ms)
INFO  [info] downloading https://repo1.maven.org/maven2/commons-pool/commons-pool/1.6/commons-pool-1.6-sources.jar ...
INFO  [info] 	[SUCCESSFUL ] com.typesafe.play#play-ws-standalone_2.12;2.0.1!play-ws-standalone_2.12.jar(src) (170ms)
INFO  [info] downloading https://repo1.maven.org/maven2/com/typesafe/play/shaded-asynchttpclient/2.0.1/shaded-asynchttpclient-2.0.1-sources.jar ...
INFO  [info] downloading https://repo1.maven.org/maven2/org/scalactic/scalactic_2.12/3.0.5/scalactic_2.12-3.0.5-sources.jar ...
INFO  [info] 	[SUCCESSFUL ] org.seleniumhq.selenium#selenium-remote-driver;3.141.59!selenium-remote-driver.jar(src) (201ms)
INFO  [info] downloading https://repo1.maven.org/maven2/io/gatling/gatling-graphite/3.0.1.1/gatling-graphite-3.0.1.1-sources.jar ...
INFO  [info] 	[SUCCESSFUL ] io.netty#netty-resolver;4.1.31.Final!netty-resolver.jar(src) (119ms)
INFO  [info] 	[SUCCESSFUL ] com.typesafe.play#shaded-asynchttpclient;2.0.1!shaded-asynchttpclient.jar(src) (105ms)
INFO  [info] downloading https://repo1.maven.org/maven2/org/eclipse/jetty/jetty-io/9.4.12.v20180830/jetty-io-9.4.12.v20180830-sources.jar ...
INFO  [info] downloading https://repo1.maven.org/maven2/io/gatling/gatling-http/3.0.1.1/gatling-http-3.0.1.1-sources.jar ...
INFO  [info] 	[SUCCESSFUL ] io.gatling#gatling-graphite;3.0.1.1!gatling-graphite.jar(src) (68ms)
INFO  [info] 	[SUCCESSFUL ] commons-pool#commons-pool;1.6!commons-pool.jar(src) (175ms)
INFO  [info] 	[SUCCESSFUL ] io.gatling#gatling-core;3.0.1.1!gatling-core.jar(src) (210ms)
INFO  [info] downloading https://repo1.maven.org/maven2/com/typesafe/play/shaded-oauth/2.0.1/shaded-oauth-2.0.1-sources.jar ...
INFO  [info] downloading https://repo1.maven.org/maven2/com/github/scopt/scopt_2.12/3.7.0/scopt_2.12-3.7.0-sources.jar ...
INFO  [info] downloading https://repo1.maven.org/maven2/com/softwaremill/quicklens/quicklens_2.12/1.4.11/quicklens_2.12-1.4.11-sources.jar ...
INFO  [info] 	[SUCCESSFUL ] org.scalactic#scalactic_2.12;3.0.5!scalactic_2.12.jar(src) (161ms)
INFO  [info] downloading https://repo1.maven.org/maven2/org/seleniumhq/selenium/selenium-support/3.141.59/selenium-support-3.141.59-sources.jar ...
INFO  [info] 	[SUCCESSFUL ] com.typesafe.play#shaded-oauth;2.0.1!shaded-oauth.jar(src) (87ms)
INFO  [info] 	[SUCCESSFUL ] org.eclipse.jetty#jetty-io;9.4.12.v20180830!jetty-io.jar(src) (139ms)
INFO  [info] 	[SUCCESSFUL ] com.softwaremill.quicklens#quicklens_2.12;1.4.11!quicklens_2.12.jar(src) (84ms)
INFO  [info] 	[SUCCESSFUL ] com.github.scopt#scopt_2.12;3.7.0!scopt_2.12.jar(src) (79ms)
INFO  [info] downloading https://repo1.maven.org/maven2/org/hdrhistogram/HdrHistogram/2.1.10/HdrHistogram-2.1.10-sources.jar ...
INFO  [info] downloading https://repo1.maven.org/maven2/org/jodd/jodd-lagarto/5.0.6/jodd-lagarto-5.0.6-sources.jar ...
INFO  [info] downloading https://repo1.maven.org/maven2/com/typesafe/play/play-ws-standalone-xml_2.12/2.0.1/play-ws-standalone-xml_2.12-2.0.1-sources.jar ...
INFO  [info] downloading https://repo1.maven.org/maven2/org/seleniumhq/selenium/selenium-opera-driver/3.141.59/selenium-opera-driver-3.141.59-sources.jar ...
INFO  [info] 	[SUCCESSFUL ] io.gatling#gatling-http;3.0.1.1!gatling-http.jar(src) (198ms)
INFO  [info] 	[SUCCESSFUL ] org.seleniumhq.selenium#selenium-support;3.141.59!selenium-support.jar(src) (113ms)
INFO  [info] downloading https://repo1.maven.org/maven2/io/suzaku/boopickle_2.12/1.3.0/boopickle_2.12-1.3.0-sources.jar ...
INFO  [info] downloading https://repo1.maven.org/maven2/io/netty/netty-codec/4.1.31.Final/netty-codec-4.1.31.Final-sources.jar ...
INFO  [info] 	[SUCCESSFUL ] org.hdrhistogram#HdrHistogram;2.1.10!HdrHistogram.jar(src) (108ms)
INFO  [info] 	[SUCCESSFUL ] com.typesafe.play#play-ws-standalone-xml_2.12;2.0.1!play-ws-standalone-xml_2.12.jar(src) (98ms)
INFO  [info] 	[SUCCESSFUL ] org.jodd#jodd-lagarto;5.0.6!jodd-lagarto.jar(src) (115ms)
INFO  [info] downloading https://repo1.maven.org/maven2/org/json4s/json4s-core_2.12/3.6.2/json4s-core_2.12-3.6.2-sources.jar ...
INFO  [info] downloading https://repo1.maven.org/maven2/org/apache/httpcomponents/httpmime/4.5.6/httpmime-4.5.6-sources.jar ...
INFO  [info] 	[SUCCESSFUL ] io.suzaku#boopickle_2.12;1.3.0!boopickle_2.12.jar(src) (86ms)
INFO  [info] downloading https://repo1.maven.org/maven2/io/netty/netty-transport-native-unix-common/4.1.31.Final/netty-transport-native-unix-common-4.1.31.Final-sources.jar ...
INFO  [info] 	[SUCCESSFUL ] org.seleniumhq.selenium#selenium-opera-driver;3.141.59!selenium-opera-driver.jar(src) (162ms)
INFO  [info] downloading https://repo1.maven.org/maven2/io/netty/netty-tcnative-boringssl-static/2.0.19.Final/netty-tcnative-boringssl-static-2.0.19.Final-sources.jar ...
INFO  [info] downloading https://repo1.maven.org/maven2/org/bouncycastle/bcprov-jdk15on/1.60/bcprov-jdk15on-1.60-sources.jar ...
INFO  [info] 	[SUCCESSFUL ] io.netty#netty-codec;4.1.31.Final!netty-codec.jar(src) (135ms)
INFO  [info] 	[SUCCESSFUL ] org.apache.httpcomponents#httpmime;4.5.6!httpmime.jar(src) (112ms)
INFO  [info] 	[SUCCESSFUL ] io.netty#netty-transport-native-unix-common;4.1.31.Final!netty-transport-native-unix-common.jar(src) (100ms)
INFO  [info] 	[SUCCESSFUL ] org.json4s#json4s-core_2.12;3.6.2!json4s-core_2.12.jar(src) (119ms)
INFO  [info] downloading https://repo1.maven.org/maven2/org/json4s/json4s-scalap_2.12/3.6.2/json4s-scalap_2.12-3.6.2-sources.jar ...
INFO  [info] downloading https://repo1.maven.org/maven2/org/seleniumhq/selenium/selenium-firefox-driver/3.141.59/selenium-firefox-driver-3.141.59-sources.jar ...
INFO  [info] 	[SUCCESSFUL ] io.netty#netty-tcnative-boringssl-static;2.0.19.Final!netty-tcnative-boringssl-static.jar(src) (87ms)
INFO  [info] downloading https://repo1.maven.org/maven2/io/gatling/gatling-netty-util/3.0.1.1/gatling-netty-util-3.0.1.1-sources.jar ...
INFO  [info] 	[SUCCESSFUL ] org.json4s#json4s-scalap_2.12;3.6.2!json4s-scalap_2.12.jar(src) (53ms)
INFO  [info] downloading https://repo1.maven.org/maven2/org/typelevel/spire-macros_2.12/0.16.0/spire-macros_2.12-0.16.0-sources.jar ...
INFO  [info] 	[SUCCESSFUL ] org.seleniumhq.selenium#selenium-firefox-driver;3.141.59!selenium-firefox-driver.jar(src) (63ms)
INFO  [info] 	[SUCCESSFUL ] io.gatling#gatling-netty-util;3.0.1.1!gatling-netty-util.jar(src) (83ms)
INFO  [info] downloading https://repo1.maven.org/maven2/com/github/ben-manes/caffeine/caffeine/2.6.2/caffeine-2.6.2-sources.jar ...
INFO  [info] downloading https://repo1.maven.org/maven2/org/scalatestplus/play/scalatestplus-play_2.12/4.0.1/scalatestplus-play_2.12-4.0.1-sources.jar ...
INFO  [info] downloading https://repo1.maven.org/maven2/net/sf/saxon/Saxon-HE/9.9.0-2/Saxon-HE-9.9.0-2-sources.jar ...
INFO  [info] 	[SUCCESSFUL ] org.typelevel#spire-macros_2.12;0.16.0!spire-macros_2.12.jar(src) (171ms)
INFO  [info] downloading https://repo1.maven.org/maven2/org/eclipse/jetty/jetty-xml/9.4.12.v20180830/jetty-xml-9.4.12.v20180830-sources.jar ...
INFO  [info] 	[SUCCESSFUL ] org.scalatestplus.play#scalatestplus-play_2.12;4.0.1!scalatestplus-play_2.12.jar(src) (396ms)
INFO  [info] 	[SUCCESSFUL ] com.github.ben-manes.caffeine#caffeine;2.6.2!caffeine.jar(src) (423ms)
INFO  [info] downloading https://repo1.maven.org/maven2/net/sourceforge/htmlunit/htmlunit-core-js/2.33/htmlunit-core-js-2.33-sources.jar ...
INFO  [info] downloading https://repo1.maven.org/maven2/io/gatling/gatling-commons/3.0.1.1/gatling-commons-3.0.1.1-sources.jar ...
INFO  [info] downloading https://repo1.maven.org/maven2/org/eclipse/jetty/jetty-util/9.4.12.v20180830/jetty-util-9.4.12.v20180830-sources.jar ...
INFO  [info] 	[SUCCESSFUL ] org.eclipse.jetty#jetty-xml;9.4.12.v20180830!jetty-xml.jar(src) (429ms)
INFO  [info] downloading https://repo1.maven.org/maven2/org/apache/commons/commons-text/1.4/commons-text-1.4-sources.jar ...
INFO  [info] 	[SUCCESSFUL ] io.gatling#gatling-commons;3.0.1.1!gatling-commons.jar(src) (593ms)
INFO  [info] downloading https://repo1.maven.org/maven2/com/typesafe/play/play-test_2.12/2.7.0/play-test_2.12-2.7.0-sources.jar ...
INFO  [info] 	[SUCCESSFUL ] org.eclipse.jetty#jetty-util;9.4.12.v20180830!jetty-util.jar(src) (714ms)
INFO  [info] 	[SUCCESSFUL ] org.apache.commons#commons-text;1.4!commons-text.jar(src) (671ms)
INFO  [info] downloading https://repo1.maven.org/maven2/io/netty/netty-common/4.1.31.Final/netty-common-4.1.31.Final-sources.jar ...
INFO  [info] downloading https://repo1.maven.org/maven2/com/typesafe/play/play-netty-server_2.12/2.7.0/play-netty-server_2.12-2.7.0-sources.jar ...
INFO  [info] 	[SUCCESSFUL ] com.typesafe.play#play-test_2.12;2.7.0!play-test_2.12.jar(src) (718ms)
INFO  [info] downloading https://repo1.maven.org/maven2/io/netty/netty-buffer/4.1.31.Final/netty-buffer-4.1.31.Final-sources.jar ...
INFO  [info] 	[SUCCESSFUL ] com.typesafe.play#play-netty-server_2.12;2.7.0!play-netty-server_2.12.jar(src) (750ms)
INFO  [info] 	[SUCCESSFUL ] io.netty#netty-common;4.1.31.Final!netty-common.jar(src) (913ms)
INFO  [info] downloading https://repo1.maven.org/maven2/org/bouncycastle/bcpkix-jdk15on/1.60/bcpkix-jdk15on-1.60-sources.jar ...
INFO  [info] downloading https://repo1.maven.org/maven2/org/json4s/json4s-ast_2.12/3.6.2/json4s-ast_2.12-3.6.2-sources.jar ...
INFO  [info] 	[SUCCESSFUL ] io.netty#netty-buffer;4.1.31.Final!netty-buffer.jar(src) (612ms)
INFO  [info] 	[SUCCESSFUL ] org.bouncycastle#bcprov-jdk15on;1.60!bcprov-jdk15on.jar(src) (2476ms)
INFO  [info] downloading https://repo1.maven.org/maven2/com/eatthepath/fast-uuid/0.1/fast-uuid-0.1-sources.jar ...
INFO  [info] downloading https://repo1.maven.org/maven2/org/eclipse/jetty/jetty-http/9.4.12.v20180830/jetty-http-9.4.12.v20180830-sources.jar ...
INFO  [info] 	[SUCCESSFUL ] org.json4s#json4s-ast_2.12;3.6.2!json4s-ast_2.12.jar(src) (362ms)
INFO  [info] 	[SUCCESSFUL ] net.sf.saxon#Saxon-HE;9.9.0-2!Saxon-HE.jar(src) (2459ms)
INFO  [info] downloading https://repo1.maven.org/maven2/io/gatling/gatling-charts/3.0.1.1/gatling-charts-3.0.1.1-sources.jar ...
INFO  [info] downloading https://repo1.maven.org/maven2/org/apache/httpcomponents/httpcore/4.4.10/httpcore-4.4.10-sources.jar ...
INFO  [info] 	[SUCCESSFUL ] org.bouncycastle#bcpkix-jdk15on;1.60!bcpkix-jdk15on.jar(src) (460ms)
INFO  [info] downloading https://repo1.maven.org/maven2/org/apache/geronimo/specs/geronimo-jms_1.1_spec/1.1.1/geronimo-jms_1.1_spec-1.1.1-sources.jar ...
INFO  [info] 	[SUCCESSFUL ] com.eatthepath#fast-uuid;0.1!fast-uuid.jar(src) (237ms)
INFO  [info] 	[SUCCESSFUL ] org.eclipse.jetty#jetty-http;9.4.12.v20180830!jetty-http.jar(src) (220ms)
INFO  [info] downloading https://repo1.maven.org/maven2/io/netty/netty-resolver-dns/4.1.31.Final/netty-resolver-dns-4.1.31.Final-sources.jar ...
INFO  [info] downloading https://repo1.maven.org/maven2/io/netty/netty-transport/4.1.31.Final/netty-transport-4.1.31.Final-sources.jar ...
INFO  [info] 	[SUCCESSFUL ] net.sourceforge.htmlunit#htmlunit-core-js;2.33!htmlunit-core-js.jar(src) (2674ms)
INFO  [info] downloading https://repo1.maven.org/maven2/com/typesafe/netty/netty-reactive-streams/2.0.0/netty-reactive-streams-2.0.0-sources.jar ...
INFO  [info] 	[SUCCESSFUL ] io.gatling#gatling-charts;3.0.1.1!gatling-charts.jar(src) (258ms)
INFO  [info] 	[SUCCESSFUL ] org.apache.geronimo.specs#geronimo-jms_1.1_spec;1.1.1!geronimo-jms_1.1_spec.jar(src) (212ms)
INFO  [info] 	[SUCCESSFUL ] org.apache.httpcomponents#httpcore;4.4.10!httpcore.jar(src) (268ms)
INFO  [info] downloading https://repo1.maven.org/maven2/com/typesafe/play/play-ws_2.12/2.7.0/play-ws_2.12-2.7.0-sources.jar ...
INFO  [info] downloading https://repo1.maven.org/maven2/io/netty/netty-codec-http2/4.1.31.Final/netty-codec-http2-4.1.31.Final-sources.jar ...
INFO  [info] 	[SUCCESSFUL ] io.netty#netty-resolver-dns;4.1.31.Final!netty-resolver-dns.jar(src) (128ms)
INFO  [info] downloading https://repo1.maven.org/maven2/io/gatling/gatling-jms/3.0.1.1/gatling-jms-3.0.1.1-sources.jar ...
INFO  [info] 	[SUCCESSFUL ] com.typesafe.netty#netty-reactive-streams;2.0.0!netty-reactive-streams.jar(src) (95ms)
INFO  [info] downloading https://repo1.maven.org/maven2/com/squareup/okio/okio/1.14.0/okio-1.14.0-sources.jar ...
INFO  [info] downloading https://repo1.maven.org/maven2/org/eclipse/jetty/jetty-client/9.4.12.v20180830/jetty-client-9.4.12.v20180830-sources.jar ...
INFO  [info] 	[SUCCESSFUL ] io.netty#netty-transport;4.1.31.Final!netty-transport.jar(src) (215ms)
INFO  [info] 	[SUCCESSFUL ] com.typesafe.play#play-ws_2.12;2.7.0!play-ws_2.12.jar(src) (144ms)
INFO  [info] downloading https://repo1.maven.org/maven2/io/netty/netty-handler/4.1.31.Final/netty-handler-4.1.31.Final-sources.jar ...
INFO  [info] 	[SUCCESSFUL ] io.gatling#gatling-jms;3.0.1.1!gatling-jms.jar(src) (131ms)
INFO  [info] downloading https://repo1.maven.org/maven2/commons-net/commons-net/3.6/commons-net-3.6-sources.jar ...
INFO  [info] downloading https://repo1.maven.org/maven2/org/fluentlenium/fluentlenium-core/3.7.1/fluentlenium-core-3.7.1-sources.jar ...
INFO  [info] 	[SUCCESSFUL ] com.squareup.okio#okio;1.14.0!okio.jar(src) (175ms)
INFO  [info] downloading https://repo1.maven.org/maven2/io/pebbletemplates/pebble/3.0.6/pebble-3.0.6-sources.jar ...
INFO  [info] 	[SUCCESSFUL ] io.netty#netty-codec-http2;4.1.31.Final!netty-codec-http2.jar(src) (291ms)
INFO  [info] 	[SUCCESSFUL ] org.eclipse.jetty#jetty-client;9.4.12.v20180830!jetty-client.jar(src) (278ms)
INFO  [info] downloading https://repo1.maven.org/maven2/org/seleniumhq/selenium/selenium-ie-driver/3.141.59/selenium-ie-driver-3.141.59-sources.jar ...
INFO  [info] downloading https://repo1.maven.org/maven2/org/eclipse/jetty/websocket/websocket-api/9.4.12.v20180830/websocket-api-9.4.12.v20180830-sources.jar ...
INFO  [info] 	[SUCCESSFUL ] io.netty#netty-handler;4.1.31.Final!netty-handler.jar(src) (266ms)
INFO  [info] 	[SUCCESSFUL ] org.fluentlenium#fluentlenium-core;3.7.1!fluentlenium-core.jar(src) (248ms)
INFO  [info] downloading https://repo1.maven.org/maven2/org/apache/httpcomponents/httpclient/4.5.6/httpclient-4.5.6-sources.jar ...
INFO  [info] downloading https://repo1.maven.org/maven2/io/gatling/highcharts/gatling-charts-highcharts/3.0.1.1/gatling-charts-highcharts-3.0.1.1-sources.jar ...
INFO  [info] 	[SUCCESSFUL ] commons-net#commons-net;3.6!commons-net.jar(src) (265ms)
INFO  [info] 	[SUCCESSFUL ] io.pebbletemplates#pebble;3.0.6!pebble.jar(src) (241ms)
INFO  [info] downloading https://repo1.maven.org/maven2/com/typesafe/play/play-ahc-ws_2.12/2.7.0/play-ahc-ws_2.12-2.7.0-sources.jar ...
INFO  [info] downloading https://repo1.maven.org/maven2/com/typesafe/scala-logging/scala-logging_2.12/3.9.0/scala-logging_2.12-3.9.0-sources.jar ...
INFO  [info] 	[SUCCESSFUL ] org.seleniumhq.selenium#selenium-ie-driver;3.141.59!selenium-ie-driver.jar(src) (220ms)
INFO  [info] 	[SUCCESSFUL ] org.eclipse.jetty.websocket#websocket-api;9.4.12.v20180830!websocket-api.jar(src) (263ms)
INFO  [info] downloading https://repo1.maven.org/maven2/com/dongxiguo/fastring_2.12/1.0.0/fastring_2.12-1.0.0-sources.jar ...
INFO  [info] 	[SUCCESSFUL ] io.gatling.highcharts#gatling-charts-highcharts;3.0.1.1!gatling-charts-highcharts.jar(src) (191ms)
INFO  [info] downloading https://repo1.maven.org/maven2/org/simpleflatmapper/lightning-csv/6.0.1/lightning-csv-6.0.1-sources.jar ...
INFO  [info] downloading https://repo1.maven.org/maven2/com/tdunning/t-digest/3.1/t-digest-3.1-sources.jar ...
INFO  [info] 	[SUCCESSFUL ] com.typesafe.play#play-ahc-ws_2.12;2.7.0!play-ahc-ws_2.12.jar(src) (179ms)
INFO  [info] downloading https://repo1.maven.org/maven2/io/gatling/gatling-test-framework/3.0.1.1/gatling-test-framework-3.0.1.1-sources.jar ...
INFO  [info] 	[SUCCESSFUL ] com.typesafe.scala-logging#scala-logging_2.12;3.9.0!scala-logging_2.12.jar(src) (166ms)
INFO  [info] 	[SUCCESSFUL ] com.dongxiguo#fastring_2.12;1.0.0!fastring_2.12.jar(src) (91ms)
INFO  [info] downloading https://repo1.maven.org/maven2/io/gatling/jsonpath_2.12/0.6.14/jsonpath_2.12-0.6.14-sources.jar ...
INFO  [info] downloading https://repo1.maven.org/maven2/io/netty/netty-codec-socks/4.1.31.Final/netty-codec-socks-4.1.31.Final-sources.jar ...
INFO  [info] 	[SUCCESSFUL ] org.apache.httpcomponents#httpclient;4.5.6!httpclient.jar(src) (246ms)
INFO  [info] 	[SUCCESSFUL ] org.simpleflatmapper#lightning-csv;6.0.1!lightning-csv.jar(src) (61ms)
INFO  [info] 	[SUCCESSFUL ] com.tdunning#t-digest;3.1!t-digest.jar(src) (60ms)
INFO  [info] 	[SUCCESSFUL ] io.gatling#gatling-test-framework;3.0.1.1!gatling-test-framework.jar(src) (59ms)
INFO  [info] downloading https://repo1.maven.org/maven2/io/gatling/gatling-redis/3.0.1.1/gatling-redis-3.0.1.1-sources.jar ...
INFO  [info] downloading https://repo1.maven.org/maven2/org/jodd/jodd-log/5.0.6/jodd-log-5.0.6-sources.jar ...
INFO  [info] downloading https://repo1.maven.org/maven2/org/simpleflatmapper/sfm-util/6.0.1/sfm-util-6.0.1-sources.jar ...
INFO  [info] downloading https://repo1.maven.org/maven2/org/jodd/jodd-json/5.0.6/jodd-json-5.0.6-sources.jar ...
INFO  [info] 	[SUCCESSFUL ] io.gatling#jsonpath_2.12;0.6.14!jsonpath_2.12.jar(src) (62ms)
INFO  [info] downloading https://repo1.maven.org/maven2/com/codeborne/phantomjsdriver/1.4.4/phantomjsdriver-1.4.4-sources.jar ...
INFO  [info] 	[SUCCESSFUL ] io.netty#netty-codec-socks;4.1.31.Final!netty-codec-socks.jar(src) (94ms)
INFO  [info] 	[SUCCESSFUL ] io.gatling#gatling-redis;3.0.1.1!gatling-redis.jar(src) (80ms)
INFO  [info] downloading https://repo1.maven.org/maven2/javax/cache/cache-api/1.0.0/cache-api-1.0.0-sources.jar ...
INFO  [info] downloading https://repo1.maven.org/maven2/net/debasishg/redisclient_2.12/3.7/redisclient_2.12-3.7-sources.jar ...
INFO  [info] 	[SUCCESSFUL ] org.jodd#jodd-json;5.0.6!jodd-json.jar(src) (75ms)
INFO  [info] 	[SUCCESSFUL ] org.jodd#jodd-log;5.0.6!jodd-log.jar(src) (115ms)
INFO  [info] downloading https://repo1.maven.org/maven2/org/seleniumhq/selenium/selenium-chrome-driver/3.141.59/selenium-chrome-driver-3.141.59-sources.jar ...
INFO  [info] 	[SUCCESSFUL ] org.simpleflatmapper#sfm-util;6.0.1!sfm-util.jar(src) (115ms)
INFO  [info] downloading https://repo1.maven.org/maven2/org/json4s/json4s-jackson_2.12/3.6.2/json4s-jackson_2.12-3.6.2-sources.jar ...
INFO  [info] 	[SUCCESSFUL ] com.codeborne#phantomjsdriver;1.4.4!phantomjsdriver.jar(src) (98ms)
INFO  [info] downloading https://repo1.maven.org/maven2/io/netty/netty-codec-http/4.1.31.Final/netty-codec-http-4.1.31.Final-sources.jar ...
INFO  [info] 	[SUCCESSFUL ] net.debasishg#redisclient_2.12;3.7!redisclient_2.12.jar(src) (67ms)
INFO  [info] downloading https://repo1.maven.org/maven2/com/sun/activation/javax.activation/1.2.0/javax.activation-1.2.0-sources.jar ...
INFO  [info] 	[SUCCESSFUL ] org.seleniumhq.selenium#selenium-chrome-driver;3.141.59!selenium-chrome-driver.jar(src) (119ms)
INFO  [info] downloading https://repo1.maven.org/maven2/net/sourceforge/htmlunit/htmlunit-cssparser/1.2.0/htmlunit-cssparser-1.2.0-sources.jar ...
INFO  [info] downloading https://repo1.maven.org/maven2/io/gatling/gatling-recorder/3.0.1.1/gatling-recorder-3.0.1.1-sources.jar ...
INFO  [info] 	[SUCCESSFUL ] javax.cache#cache-api;1.0.0!cache-api.jar(src) (174ms)
INFO  [info] 	[SUCCESSFUL ] org.json4s#json4s-jackson_2.12;3.6.2!json4s-jackson_2.12.jar(src) (179ms)
INFO  [info] downloading https://repo1.maven.org/maven2/io/netty/netty-handler-proxy/4.1.31.Final/netty-handler-proxy-4.1.31.Final-sources.jar ...
INFO  [info] downloading https://repo1.maven.org/maven2/org/unbescape/unbescape/1.1.6.RELEASE/unbescape-1.1.6.RELEASE-sources.jar ...
INFO  [info] 	[SUCCESSFUL ] com.sun.activation#javax.activation;1.2.0!javax.activation.jar(src) (180ms)
INFO  [info] 	[SUCCESSFUL ] net.sourceforge.htmlunit#htmlunit-cssparser;1.2.0!htmlunit-cssparser.jar(src) (175ms)
INFO  [info] 	[SUCCESSFUL ] io.netty#netty-codec-http;4.1.31.Final!netty-codec-http.jar(src) (208ms)
INFO  [info] downloading https://repo1.maven.org/maven2/com/typesafe/netty/netty-reactive-streams-http/2.0.0/netty-reactive-streams-http-2.0.0-sources.jar ...
INFO  [info] 	[SUCCESSFUL ] io.gatling#gatling-recorder;3.0.1.1!gatling-recorder.jar(src) (153ms)
INFO  [info] downloading https://repo1.maven.org/maven2/com/squareup/okhttp3/okhttp/3.11.0/okhttp-3.11.0-sources.jar ...
INFO  [info] 	[SUCCESSFUL ] io.netty#netty-handler-proxy;4.1.31.Final!netty-handler-proxy.jar(src) (125ms)
INFO  [info] downloading https://repo1.maven.org/maven2/net/sourceforge/htmlunit/htmlunit/2.33/htmlunit-2.33-sources.jar ...
INFO  [info] downloading https://repo1.maven.org/maven2/io/netty/netty-codec-dns/4.1.31.Final/netty-codec-dns-4.1.31.Final-sources.jar ...
INFO  [info] 	[SUCCESSFUL ] org.unbescape#unbescape;1.1.6.RELEASE!unbescape.jar(src) (141ms)
INFO  [info] 	[SUCCESSFUL ] com.typesafe.netty#netty-reactive-streams-http;2.0.0!netty-reactive-streams-http.jar(src) (184ms)
INFO  [info] downloading https://repo1.maven.org/maven2/commons-io/commons-io/2.6/commons-io-2.6-sources.jar ...
INFO  [info] downloading https://repo1.maven.org/maven2/org/eclipse/jetty/websocket/websocket-common/9.4.12.v20180830/websocket-common-9.4.12.v20180830-sources.jar ...
INFO  [info] 	[SUCCESSFUL ] com.squareup.okhttp3#okhttp;3.11.0!okhttp.jar(src) (442ms)
INFO  [info] downloading https://repo1.maven.org/maven2/xerces/xercesImpl/2.12.0/xercesImpl-2.12.0-sources.jar ...
INFO  [info] 	[SUCCESSFUL ] io.netty#netty-codec-dns;4.1.31.Final!netty-codec-dns.jar(src) (485ms)
INFO  [info] downloading https://repo1.maven.org/maven2/org/jodd/jodd-bean/5.0.6/jodd-bean-5.0.6-sources.jar ...
INFO  [info] downloading https://repo1.maven.org/maven2/org/scala-lang/modules/scala-swing_2.12/2.0.3/scala-swing_2.12-2.0.3-sources.jar ...
INFO  [info] 	[SUCCESSFUL ] org.eclipse.jetty.websocket#websocket-common;9.4.12.v20180830!websocket-common.jar(src) (454ms)
INFO  [info] 	[SUCCESSFUL ] commons-io#commons-io;2.6!commons-io.jar(src) (520ms)
INFO  [info] downloading https://repo1.maven.org/maven2/org/seleniumhq/selenium/selenium-edge-driver/3.141.59/selenium-edge-driver-3.141.59-sources.jar ...
INFO  [info] downloading https://repo1.maven.org/maven2/org/seleniumhq/selenium/htmlunit-driver/2.33.3/htmlunit-driver-2.33.3-sources.jar ...
INFO  [info] 	[SUCCESSFUL ] net.sourceforge.htmlunit#htmlunit;2.33!htmlunit.jar(src) (772ms)
INFO  [info] downloading https://repo1.maven.org/maven2/io/gatling/gatling-app/3.0.1.1/gatling-app-3.0.1.1-sources.jar ...
INFO  [info] 	[SUCCESSFUL ] org.scala-lang.modules#scala-swing_2.12;2.0.3!scala-swing_2.12.jar(src) (474ms)
INFO  [info] 	[SUCCESSFUL ] org.jodd#jodd-bean;5.0.6!jodd-bean.jar(src) (534ms)
INFO  [info] 	[SUCCESSFUL ] org.seleniumhq.selenium#selenium-edge-driver;3.141.59!selenium-edge-driver.jar(src) (380ms)
INFO  [info] 	[SUCCESSFUL ] org.seleniumhq.selenium#htmlunit-driver;2.33.3!htmlunit-driver.jar(src) (385ms)
INFO  [info] downloading https://repo1.maven.org/maven2/com/typesafe/play/play-ahc-ws-standalone_2.12/2.0.1/play-ahc-ws-standalone_2.12-2.0.1-sources.jar ...
INFO  [info] downloading https://repo1.maven.org/maven2/io/gatling/gatling-jdbc/3.0.1.1/gatling-jdbc-3.0.1.1-sources.jar ...
INFO  [info] downloading https://repo1.maven.org/maven2/org/jodd/jodd-core/5.0.6/jodd-core-5.0.6-sources.jar ...
INFO  [info] downloading https://repo1.maven.org/maven2/net/bytebuddy/byte-buddy/1.8.15/byte-buddy-1.8.15-sources.jar ...
INFO  [info] 	[SUCCESSFUL ] io.gatling#gatling-app;3.0.1.1!gatling-app.jar(src) (250ms)
INFO  [info] 	[SUCCESSFUL ] xerces#xercesImpl;2.12.0!xercesImpl.jar(src) (1052ms)
INFO  [info] downloading https://repo1.maven.org/maven2/net/sourceforge/htmlunit/neko-htmlunit/2.33/neko-htmlunit-2.33-sources.jar ...
INFO  [info] downloading https://repo1.maven.org/maven2/io/gatling/gatling-http-client/3.0.1.1/gatling-http-client-3.0.1.1-sources.jar ...
INFO  [info] 	[SUCCESSFUL ] com.typesafe.play#play-ahc-ws-standalone_2.12;2.0.1!play-ahc-ws-standalone_2.12.jar(src) (213ms)
INFO  [info] 	[SUCCESSFUL ] io.gatling#gatling-jdbc;3.0.1.1!gatling-jdbc.jar(src) (239ms)
INFO  [info] downloading https://repo1.maven.org/maven2/org/eclipse/jetty/websocket/websocket-client/9.4.12.v20180830/websocket-client-9.4.12.v20180830-sources.jar ...
INFO  [info] downloading https://repo1.maven.org/maven2/com/typesafe/play/play-docs_2.12/2.7.0/play-docs_2.12-2.7.0-sources.jar ...
INFO  [info] 	[SUCCESSFUL ] net.sourceforge.htmlunit#neko-htmlunit;2.33!neko-htmlunit.jar(src) (292ms)
INFO  [info] 	[SUCCESSFUL ] org.jodd#jodd-core;5.0.6!jodd-core.jar(src) (319ms)
INFO  [info] downloading https://repo1.maven.org/maven2/com/typesafe/play/play-omnidoc_2.12/2.7.0/play-omnidoc_2.12-2.7.0-sources.jar ...
INFO  [info] 	[SUCCESSFUL ] io.gatling#gatling-http-client;3.0.1.1!gatling-http-client.jar(src) (286ms)
INFO  [info] downloading https://repo1.maven.org/maven2/com/typesafe/play/play-doc_2.12/2.0.0/play-doc_2.12-2.0.0-sources.jar ...
INFO  [info] 	[SUCCESSFUL ] org.eclipse.jetty.websocket#websocket-client;9.4.12.v20180830!websocket-client.jar(src) (132ms)
INFO  [info] 	[SUCCESSFUL ] com.typesafe.play#play-docs_2.12;2.7.0!play-docs_2.12.jar(src) (94ms)
INFO  [info] 	[SUCCESSFUL ] net.bytebuddy#byte-buddy;1.8.15!byte-buddy.jar(src) (352ms)
INFO  [info] 	[SUCCESSFUL ] com.typesafe.play#play-omnidoc_2.12;2.7.0!play-omnidoc_2.12.jar(src) (52ms)
INFO  [info] 	[SUCCESSFUL ] com.typesafe.play#play-doc_2.12;2.0.0!play-doc_2.12.jar(src) (53ms)
INFO  [warn] 	::::::::::::::::::::::::::::::::::::::::::::::
INFO  [warn] 	::              FAILED DOWNLOADS            ::
INFO  [warn] 	:: ^ see resolution messages for details  ^ ::
INFO  [warn] 	::::::::::::::::::::::::::::::::::::::::::::::
INFO  [warn] 	:: com.google.guava#listenablefuture;9999.0-empty-to-avoid-conflict-with-guava!listenablefuture.jar(src)
INFO  [warn] 	::::::::::::::::::::::::::::::::::::::::::::::
INFO  [success] Generated .bloop/root.json
INFO  [success] Generated .bloop/root-it.json
INFO  [success] Generated .bloop/root-test.json
INFO  [success] Total time: 53 s, completed Jul 23, 2019 4:59:05 PM
INFO  build tool exit: 0
INFO  time: ran 'sbt bloopInstall' in 2m2s
INFO  running embedded 'bloop bsp --protocol local --socket /tmp/bsp5081527159153333551/19wle3jbwr793.socket'
The server is listening for incoming connections at local:///tmp/bsp5081527159153333551/19wle3jbwr793.socket...
INFO  tracing is disabled for protocol BSP, to enable tracing of incoming and outgoing JSON messages create an empty file at /home/yanjie/.cache/metals/bsp.trace.json
Accepted incoming BSP client connection at local:///tmp/bsp5081527159153333551/19wle3jbwr793.socket
request received: build/initialize
INFO  time: connected to build server in 8.1s
BSP initialization handshake complete.
INFO  time: imported build in 1.14s
Downloading https://repo1.maven.org/maven2/org/scalameta/mtags_2.12.7/0.7.0/mtags_2.12.7-0.7.0.pom.sha1
Downloading https://repo1.maven.org/maven2/org/scalameta/mtags_2.12.7/0.7.0/mtags_2.12.7-0.7.0.pom
https://repo1.maven.org/maven2/org/scalameta/mtags_2.12.7/0.7.0/mtags_2.12.7- 
https://repo1.maven.org/maven2/org/scalameta/mtags_2.12.7/0.7.0/mtags_2.12.7- 

https://repo1.maven.org/maven2/org/scalameta/mtags_2.12.7/0.7.0/mtags_2.12.7- 
https://repo1.maven.org/maven2/org/scalameta/mtags_2.12.7/0.7.0/mtags_2.12.7- 

Downloaded https://repo1.maven.org/maven2/org/scalameta/mtags_2.12.7/0.7.0/mtags_2.12.7-0.7.0.pom.sha1
Downloaded https://repo1.maven.org/maven2/org/scalameta/mtags_2.12.7/0.7.0/mtags_2.12.7-0.7.0.pom
Downloading https://repo1.maven.org/maven2/org/scalameta/mtags_2.12.7/0.7.0/
Downloaded https://repo1.maven.org/maven2/org/scalameta/mtags_2.12.7/0.7.0/
INFO  time: indexed workspace in 17s
INFO  compiling root (10 scala sources)
INFO  Non-compiled module 'compiler-bridge_2.12' for Scala 2.12.7. Compiling...
INFO    Compilation completed in 20.389s.
INFO  time: compiled root in 28s
INFO  compiling root-test (1 scala source)
INFO  time: compiled root-test in 0.66s
ERROR Failed to compile 'root-test'
INFO  shutting down Metals
shutdown request received: build/shutdown
[0m[31m[E][0m BSP server cancelled, closing socket...
Client in /home/yanjie/Documents/GitHub/Movie-Recommender-System/back-end/.bloop triggered cancellation. Cancelling tasks...
INFO  bloop exit: 0
