INFO  time: initialize in 0.53s
INFO  running '/usr/lib/jvm/java-8-openjdk/jre/bin/java -Djline.terminal=jline.UnsupportedTerminal -Dsbt.log.noformat=true -Dfile.encoding=UTF-8 -jar /tmp/metals5953936601456333419/sbt-launch.jar metalsEnable bloopInstall'
INFO  [info] Loading settings for project global-plugins from metals.sbt ...
INFO  [info] Loading global plugins from /home/yanjie/.sbt/1.0/plugins
INFO  [info] Updating ProjectRef(uri("file:/home/yanjie/.sbt/1.0/plugins/"), "global-plugins")...
ERROR Waiting for lock on /home/yanjie/.ivy2/.sbt.ivy.lock to be available...
INFO  [info] Done updating.
ERROR Waiting for lock on /home/yanjie/.ivy2/.sbt.ivy.lock to be available...
INFO  [info] Loading settings for project scalajs-tutorial-build from plugins.sbt ...
INFO  [info] Loading project definition from /home/yanjie/Documents/GitHub/Movie-Recommender-System/scalajs-tutorial/project
INFO  [info] Updating ProjectRef(uri("file:/home/yanjie/Documents/GitHub/Movie-Recommender-System/scalajs-tutorial/project/"), "scalajs-tutorial-build")...
INFO  [info] Done updating.
INFO  [warn] There may be incompatibilities among your library dependencies; run 'evicted' to see detailed eviction warnings.
INFO  [success] Generated .bloop/scalajs-tutorial-build.json
INFO  [success] Total time: 19 s, completed Jul 23, 2019 3:58:54 PM
INFO  [info] Updating ProjectRef(uri("file:/home/yanjie/Documents/GitHub/Movie-Recommender-System/scalajs-tutorial/project/"), "scalajs-tutorial-build")...
INFO  [info] Done updating.
INFO  [warn] There may be incompatibilities among your library dependencies; run 'evicted' to see detailed eviction warnings.
INFO  [info] Loading settings for project scalajs-tutorial from build.sbt ...
INFO  [info] Set current project to Scala.js Tutorial (in build file:/home/yanjie/Documents/GitHub/Movie-Recommender-System/scalajs-tutorial/)
INFO  [info] Set current project to Scala.js Tutorial (in build file:/home/yanjie/Documents/GitHub/Movie-Recommender-System/scalajs-tutorial/)
INFO  [info] semanticdb-scalac is enabled
INFO  [info] Updating ...
INFO  [info] downloading https://repo1.maven.org/maven2/org/scalameta/semanticdb-scalac_2.12.8/4.2.0/semanticdb-scalac_2.12.8-4.2.0.jar ...
INFO  [info] 	[SUCCESSFUL ] org.scalameta#semanticdb-scalac_2.12.8;4.2.0!semanticdb-scalac_2.12.8.jar (2596ms)
INFO  [info] Done updating.
INFO  [warn] There may be incompatibilities among your library dependencies; run 'evicted' to see detailed eviction warnings.
INFO  [info] downloading https://repo1.maven.org/maven2/org/scala-lang/scala-library/2.12.8/scala-library-2.12.8-sources.jar ...
INFO  [info] downloading https://repo1.maven.org/maven2/org/scala-js/scalajs-dom_sjs0.6_2.12/0.9.7/scalajs-dom_sjs0.6_2.12-0.9.7-sources.jar ...
INFO  [info] downloading https://repo1.maven.org/maven2/org/querki/jquery-facade_sjs0.6_2.12/1.2/jquery-facade_sjs0.6_2.12-1.2-sources.jar ...
INFO  [info] downloading https://repo1.maven.org/maven2/org/scala-js/scalajs-library_2.12/0.6.28/scalajs-library_2.12-0.6.28-sources.jar ...
INFO  [info] downloading https://repo1.maven.org/maven2/org/webjars/jquery/2.2.1/jquery-2.2.1-sources.jar ...
INFO  [info] downloading https://repo1.maven.org/maven2/org/querki/querki-jsext_sjs0.6_2.12/0.8/querki-jsext_sjs0.6_2.12-0.8-sources.jar ...
INFO  [info] 	[SUCCESSFUL ] org.querki#jquery-facade_sjs0.6_2.12;1.2!jquery-facade_sjs0.6_2.12.jar(src) (319ms)
INFO  [info] 	[SUCCESSFUL ] org.webjars#jquery;2.2.1!jquery.jar(src) (338ms)
INFO  [info] 	[SUCCESSFUL ] org.scala-lang#scala-library;2.12.8!scala-library.jar(src) (402ms)
INFO  [info] downloading https://repo1.maven.org/maven2/org/scala-js/scalajs-test-interface_2.12/0.6.28/scalajs-test-interface_2.12-0.6.28-sources.jar ...
INFO  [info] 	[SUCCESSFUL ] org.querki#querki-jsext_sjs0.6_2.12;0.8!querki-jsext_sjs0.6_2.12.jar(src) (402ms)
INFO  [info] downloading https://repo1.maven.org/maven2/com/lihaoyi/utest_sjs0.6_2.12/0.6.3/utest_sjs0.6_2.12-0.6.3-sources.jar ...
INFO  [info] downloading https://repo1.maven.org/maven2/org/scala-lang/scala-reflect/2.12.8/scala-reflect-2.12.8-sources.jar ...
INFO  [info] 	[SUCCESSFUL ] org.scala-js#scalajs-library_2.12;0.6.28!scalajs-library_2.12.jar(src) (443ms)
INFO  [info] downloading https://repo1.maven.org/maven2/org/scala-lang/scala-compiler/2.12.8/scala-compiler-2.12.8-sources.jar ...
INFO  [info] downloading https://repo1.maven.org/maven2/org/scala-js/scalajs-compiler_2.12.8/0.6.28/scalajs-compiler_2.12.8-0.6.28-sources.jar ...
INFO  [info] 	[SUCCESSFUL ] org.scala-js#scalajs-test-interface_2.12;0.6.28!scalajs-test-interface_2.12.jar(src) (158ms)
INFO  [info] 	[SUCCESSFUL ] org.scala-js#scalajs-dom_sjs0.6_2.12;0.9.7!scalajs-dom_sjs0.6_2.12.jar(src) (521ms)
INFO  [info] downloading https://repo1.maven.org/maven2/org/scalameta/semanticdb-scalac_2.12.8/4.2.0/semanticdb-scalac_2.12.8-4.2.0-sources.jar ...
INFO  [info] downloading https://repo1.maven.org/maven2/jline/jline/2.14.6/jline-2.14.6-sources.jar ...
INFO  [info] 	[SUCCESSFUL ] com.lihaoyi#utest_sjs0.6_2.12;0.6.3!utest_sjs0.6_2.12.jar(src) (357ms)
INFO  [info] 	[SUCCESSFUL ] org.scalameta#semanticdb-scalac_2.12.8;4.2.0!semanticdb-scalac_2.12.8.jar(src) (189ms)
INFO  [info] 	[SUCCESSFUL ] org.scala-js#scalajs-compiler_2.12.8;0.6.28!scalajs-compiler_2.12.8.jar(src) (288ms)
INFO  [info] 	[SUCCESSFUL ] jline#jline;2.14.6!jline.jar(src) (224ms)
INFO  [info] 	[SUCCESSFUL ] org.scala-lang#scala-reflect;2.12.8!scala-reflect.jar(src) (360ms)
INFO  [info] 	[SUCCESSFUL ] org.scala-lang#scala-compiler;2.12.8!scala-compiler.jar(src) (696ms)
INFO  [success] Generated .bloop/scalajs-tutorial.json
INFO  [success] Generated .bloop/scalajs-tutorial-test.json
INFO  [success] Total time: 8 s, completed Jul 23, 2019 3:59:36 PM
INFO  time: ran 'sbt bloopInstall' in 2m3s
INFO  build tool exit: 0
INFO  running embedded 'bloop bsp --protocol local --socket /tmp/bsp5830479828172559592/1f0tk9lruyct9.socket'
The server is listening for incoming connections at local:///tmp/bsp5830479828172559592/1f0tk9lruyct9.socket...
Accepted incoming BSP client connection at local:///tmp/bsp5830479828172559592/1f0tk9lruyct9.socket
INFO  tracing is disabled for protocol BSP, to enable tracing of incoming and outgoing JSON messages create an empty file at /home/yanjie/.cache/metals/bsp.trace.json
request received: build/initialize
INFO  time: connected to build server in 8.4s
BSP initialization handshake complete.
INFO  time: imported build in 0.12s
INFO  time: indexed workspace in 1.76s
WARN  no build target: 
INFO  compiling scalajs-tutorial (1 scala source)
INFO  Non-compiled module 'compiler-bridge_2.12' for Scala 2.12.8. Compiling...
INFO    Compilation completed in 14.338s.
INFO  time: compiled scalajs-tutorial in 19s
INFO  compiling scalajs-tutorial (1 scala source)
INFO  time: compiled scalajs-tutorial in 0.99s
INFO  compiling scalajs-tutorial (1 scala source)
INFO  time: compiled scalajs-tutorial in 1.21s
INFO  compiling scalajs-tutorial (1 scala source)
INFO  time: compiled scalajs-tutorial in 0.19s
ERROR Failed to compile 'scalajs-tutorial'
INFO  compiling scalajs-tutorial (1 scala source)
INFO  time: compiled scalajs-tutorial in 55ms
ERROR Failed to compile 'scalajs-tutorial'
INFO  compiling scalajs-tutorial (1 scala source)
INFO  time: compiled scalajs-tutorial in 80ms
ERROR Failed to compile 'scalajs-tutorial'
INFO  compiling scalajs-tutorial (1 scala source)
INFO  time: compiled scalajs-tutorial in 60ms
ERROR Failed to compile 'scalajs-tutorial'
INFO  compiling scalajs-tutorial (1 scala source)
INFO  time: compiled scalajs-tutorial in 0.93s
INFO  compiling scalajs-tutorial (1 scala source)
INFO  time: compiled scalajs-tutorial in 0.94s
ERROR code navigation does not work for the file '/home/yanjie/Documents/GitHub/Movie-Recommender-System/scalajs-tutorial/src/main/scala/tutorial/webapp/TutorialApp.scala' because the SemanticDB file '/home/yanjie/Documents/GitHub/Movie-Recommender-System/scalajs-tutorial/.bloop/scalajs-tutorial/scala-2.12/bloop-bsp-clients-classes/classes-Metals-9XuEY3METnqHSEqom7cpCA==/META-INF/semanticdb/src/main/scala/tutorial/webapp/TutorialApp.scala.semanticdb' doesn't exist. There can be many reasons for this error. 
INFO  compiling scalajs-tutorial (1 scala source)
INFO  time: compiled scalajs-tutorial in 58ms
ERROR Failed to compile 'scalajs-tutorial'
INFO  compiling scalajs-tutorial (1 scala source)
INFO  time: compiled scalajs-tutorial in 64ms
ERROR Failed to compile 'scalajs-tutorial'
INFO  compiling scalajs-tutorial (1 scala source)
INFO  time: compiled scalajs-tutorial in 0.4s
ERROR Failed to compile 'scalajs-tutorial'
INFO  compiling scalajs-tutorial (1 scala source)
INFO  time: compiled scalajs-tutorial in 0.49s
ERROR Failed to compile 'scalajs-tutorial'
INFO  compiling scalajs-tutorial (1 scala source)
WARN  there was one deprecation warning (since 2.10.0); re-run with -deprecation for details
INFO  time: compiled scalajs-tutorial in 0.81s
INFO  compiling scalajs-tutorial (1 scala source)
WARN  there was one deprecation warning (since 2.10.0); re-run with -deprecation for details
INFO  time: compiled scalajs-tutorial in 0.97s
INFO  compiling scalajs-tutorial (1 scala source)
WARN  there was one deprecation warning (since 2.10.0); re-run with -deprecation for details
INFO  time: compiled scalajs-tutorial in 0.63s
INFO  compiling scalajs-tutorial (1 scala source)
INFO  time: compiled scalajs-tutorial in 0.33s
ERROR Failed to compile 'scalajs-tutorial'
INFO  compiling scalajs-tutorial (1 scala source)
INFO  time: compiled scalajs-tutorial in 0.28s
ERROR Failed to compile 'scalajs-tutorial'
something's wrong: no file:///home/yanjie/Documents/GitHub/Movie-Recommender-System/scalajs-tutorial/src/main/scala/tutorial/webapp/TutorialApp.scala in List[<error>]RangePosition(file:///home/yanjie/Documents/GitHub/Movie-Recommender-System/scalajs-tutorial/src/main/scala/tutorial/webapp/TutorialApp.scala, 92, 92, 106)
something's wrong: no file:///home/yanjie/Documents/GitHub/Movie-Recommender-System/scalajs-tutorial/src/main/scala/tutorial/webapp/TutorialApp.scala in List[<error>]RangePosition(file:///home/yanjie/Documents/GitHub/Movie-Recommender-System/scalajs-tutorial/src/main/scala/tutorial/webapp/TutorialApp.scala, 92, 92, 99)
something's wrong: no file:///home/yanjie/Documents/GitHub/Movie-Recommender-System/scalajs-tutorial/src/main/scala/tutorial/webapp/TutorialApp.scala in List[Int]RangePosition(file:///home/yanjie/Documents/GitHub/Movie-Recommender-System/scalajs-tutorial/src/main/scala/tutorial/webapp/TutorialApp.scala, 92, 92, 101)
INFO  compiling scalajs-tutorial (1 scala source)
WARN  there was one deprecation warning (since 2.10.0); re-run with -deprecation for details
INFO  time: compiled scalajs-tutorial in 1.97s
Jul 23, 2019 4:11:30 PM scala.meta.internal.pc.CompletionProvider scala$meta$internal$pc$CompletionProvider$$loadSymbolFromClassfile
WARNING: no such symbol: Classfile(org/scalajs/testinterface/,HTMLRunner$UI$MoveTarget.class)
INFO  compiling scalajs-tutorial (1 scala source)
WARN  there was one deprecation warning (since 2.10.0); re-run with -deprecation for details
INFO  time: compiled scalajs-tutorial in 0.83s
INFO  compiling scalajs-tutorial (1 scala source)
WARN  there was one deprecation warning (since 2.10.0); re-run with -deprecation for details
INFO  time: compiled scalajs-tutorial in 0.7s
INFO  compiling scalajs-tutorial (1 scala source)
WARN  there was one deprecation warning (since 2.10.0); re-run with -deprecation for details
INFO  time: compiled scalajs-tutorial in 0.75s
Jul 23, 2019 4:16:09 PM scala.meta.internal.pc.CompletionProvider scala$meta$internal$pc$CompletionProvider$$loadSymbolFromClassfile
WARNING: no such symbol: Classfile(utest/,CompileError.class)
Jul 23, 2019 4:16:09 PM scala.meta.internal.pc.CompletionProvider scala$meta$internal$pc$CompletionProvider$$loadSymbolFromClassfile
WARNING: no such symbol: Classfile(utest/,CompileError$.class)
Jul 23, 2019 4:16:09 PM scala.meta.internal.pc.CompletionProvider scala$meta$internal$pc$CompletionProvider$$loadSymbolFromClassfile
WARNING: no such symbol: Classfile(utest/,AssertionError.class)
Jul 23, 2019 4:16:09 PM scala.meta.internal.pc.CompletionProvider scala$meta$internal$pc$CompletionProvider$$loadSymbolFromClassfile
WARNING: no such symbol: Classfile(utest/,AssertionError$.class)
Jul 23, 2019 4:16:09 PM scala.meta.internal.pc.CompletionProvider scala$meta$internal$pc$CompletionProvider$$loadSymbolFromClassfile
WARNING: no such symbol: Classfile(utest/,QueryParseError.class)
Jul 23, 2019 4:16:09 PM scala.meta.internal.pc.CompletionProvider scala$meta$internal$pc$CompletionProvider$$loadSymbolFromClassfile
WARNING: no such symbol: Classfile(utest/,QueryParseError$.class)
INFO  compiling scalajs-tutorial (1 scala source)
WARN  there was one deprecation warning (since 2.10.0); re-run with -deprecation for details
INFO  time: compiled scalajs-tutorial in 0.89s
INFO  compiling scalajs-tutorial (1 scala source)
INFO  time: compiled scalajs-tutorial in 0.35s
ERROR Failed to compile 'scalajs-tutorial'
INFO  compiling scalajs-tutorial (1 scala source)
INFO  time: compiled scalajs-tutorial in 0.4s
ERROR Failed to compile 'scalajs-tutorial'
INFO  compiling scalajs-tutorial (1 scala source)
INFO  time: compiled scalajs-tutorial in 0.34s
ERROR Failed to compile 'scalajs-tutorial'
INFO  compiling scalajs-tutorial (1 scala source)
INFO  time: compiled scalajs-tutorial in 0.39s
ERROR Failed to compile 'scalajs-tutorial'
INFO  compiling scalajs-tutorial (1 scala source)
INFO  time: compiled scalajs-tutorial in 0.41s
ERROR Failed to compile 'scalajs-tutorial','scalajs-tutorial-test'
INFO  compiling scalajs-tutorial (1 scala source)
INFO  time: compiled scalajs-tutorial in 0.35s
ERROR Failed to compile 'scalajs-tutorial'
INFO  compiling scalajs-tutorial (1 scala source)
INFO  time: compiled scalajs-tutorial in 0.29s
ERROR Failed to compile 'scalajs-tutorial'
ERROR code navigation does not work for the file '/home/yanjie/Documents/GitHub/Movie-Recommender-System/scalajs-tutorial/src/main/scala/tutorial/webapp/TutorialApp.scala' because the SemanticDB file '/home/yanjie/Documents/GitHub/Movie-Recommender-System/scalajs-tutorial/.bloop/scalajs-tutorial/scala-2.12/bloop-bsp-clients-classes/classes-Metals-9XuEY3METnqHSEqom7cpCA==/META-INF/semanticdb/src/main/scala/tutorial/webapp/TutorialApp.scala.semanticdb' doesn't exist. There can be many reasons for this error. 
ERROR code navigation does not work for the file '/home/yanjie/Documents/GitHub/Movie-Recommender-System/scalajs-tutorial/src/main/scala/tutorial/webapp/TutorialApp.scala' because the SemanticDB file '/home/yanjie/Documents/GitHub/Movie-Recommender-System/scalajs-tutorial/.bloop/scalajs-tutorial/scala-2.12/bloop-bsp-clients-classes/classes-Metals-9XuEY3METnqHSEqom7cpCA==/META-INF/semanticdb/src/main/scala/tutorial/webapp/TutorialApp.scala.semanticdb' doesn't exist. There can be many reasons for this error. 
Jul 23, 2019 4:17:52 PM org.eclipse.lsp4j.jsonrpc.RemoteEndpoint handleCancellation
WARNING: Unmatched cancel notification for request id 490
Jul 23, 2019 4:17:58 PM scala.meta.internal.pc.Completions completionPosition
SEVERE: null
java.lang.NullPointerException
	at scala.meta.internal.pc.MetalsGlobal.metalsSeenFromType(MetalsGlobal.scala:629)
	at scala.meta.internal.pc.Completions$CompletionPosition$CaseKeyword.<init>(Completions.scala:1215)
	at scala.meta.internal.pc.Completions.fromIdentApply$1(Completions.scala:401)
	at scala.meta.internal.pc.Completions.completionPositionUnsafe(Completions.scala:413)
	at scala.meta.internal.pc.Completions.completionPositionUnsafe$(Completions.scala:387)
	at scala.meta.internal.pc.MetalsGlobal.completionPositionUnsafe(MetalsGlobal.scala:23)
	at scala.meta.internal.pc.Completions.completionPosition(Completions.scala:379)
	at scala.meta.internal.pc.Completions.completionPosition$(Completions.scala:364)
	at scala.meta.internal.pc.MetalsGlobal.completionPosition(MetalsGlobal.scala:23)
	at scala.meta.internal.pc.CompletionProvider.safeCompletionsAt(CompletionProvider.scala:382)
	at scala.meta.internal.pc.CompletionProvider.completions(CompletionProvider.scala:47)
	at scala.meta.internal.pc.ScalaPresentationCompiler.$anonfun$complete$1(ScalaPresentationCompiler.scala:87)
	at scala.meta.internal.pc.CompilerAccess.withSharedCompiler(CompilerAccess.scala:119)
	at scala.meta.internal.pc.CompilerAccess.$anonfun$withInterruptableCompiler$1(CompilerAccess.scala:76)
	at scala.meta.internal.pc.CompilerAccess.$anonfun$onCompilerJobQueue$1(CompilerAccess.scala:191)
	at scala.meta.internal.pc.CompilerJobQueue$Job.run(CompilerJobQueue.scala:73)
	at java.util.concurrent.ThreadPoolExecutor.runWorker(ThreadPoolExecutor.java:1149)
	at java.util.concurrent.ThreadPoolExecutor$Worker.run(ThreadPoolExecutor.java:624)
	at java.lang.Thread.run(Thread.java:748)

Jul 23, 2019 4:17:58 PM scala.meta.internal.pc.Completions completionPosition
SEVERE: null
java.lang.NullPointerException
	at scala.meta.internal.pc.MetalsGlobal.metalsSeenFromType(MetalsGlobal.scala:629)
	at scala.meta.internal.pc.Completions$CompletionPosition$CaseKeyword.<init>(Completions.scala:1215)
	at scala.meta.internal.pc.Completions.fromIdentApply$1(Completions.scala:401)
	at scala.meta.internal.pc.Completions.completionPositionUnsafe(Completions.scala:413)
	at scala.meta.internal.pc.Completions.completionPositionUnsafe$(Completions.scala:387)
	at scala.meta.internal.pc.MetalsGlobal.completionPositionUnsafe(MetalsGlobal.scala:23)
	at scala.meta.internal.pc.Completions.completionPosition(Completions.scala:379)
	at scala.meta.internal.pc.Completions.completionPosition$(Completions.scala:364)
	at scala.meta.internal.pc.MetalsGlobal.completionPosition(MetalsGlobal.scala:23)
	at scala.meta.internal.pc.CompletionProvider.safeCompletionsAt(CompletionProvider.scala:382)
	at scala.meta.internal.pc.CompletionProvider.completions(CompletionProvider.scala:47)
	at scala.meta.internal.pc.ScalaPresentationCompiler.$anonfun$complete$1(ScalaPresentationCompiler.scala:87)
	at scala.meta.internal.pc.CompilerAccess.withSharedCompiler(CompilerAccess.scala:119)
	at scala.meta.internal.pc.CompilerAccess.$anonfun$withInterruptableCompiler$1(CompilerAccess.scala:76)
	at scala.meta.internal.pc.CompilerAccess.$anonfun$onCompilerJobQueue$1(CompilerAccess.scala:191)
	at scala.meta.internal.pc.CompilerJobQueue$Job.run(CompilerJobQueue.scala:73)
	at java.util.concurrent.ThreadPoolExecutor.runWorker(ThreadPoolExecutor.java:1149)
	at java.util.concurrent.ThreadPoolExecutor$Worker.run(ThreadPoolExecutor.java:624)
	at java.lang.Thread.run(Thread.java:748)

Jul 23, 2019 4:17:59 PM scala.meta.internal.pc.Completions completionPosition
SEVERE: null
java.lang.NullPointerException
	at scala.meta.internal.pc.MetalsGlobal.metalsSeenFromType(MetalsGlobal.scala:629)
	at scala.meta.internal.pc.Completions$CompletionPosition$CaseKeyword.<init>(Completions.scala:1215)
	at scala.meta.internal.pc.Completions.fromIdentApply$1(Completions.scala:401)
	at scala.meta.internal.pc.Completions.completionPositionUnsafe(Completions.scala:413)
	at scala.meta.internal.pc.Completions.completionPositionUnsafe$(Completions.scala:387)
	at scala.meta.internal.pc.MetalsGlobal.completionPositionUnsafe(MetalsGlobal.scala:23)
	at scala.meta.internal.pc.Completions.completionPosition(Completions.scala:379)
	at scala.meta.internal.pc.Completions.completionPosition$(Completions.scala:364)
	at scala.meta.internal.pc.MetalsGlobal.completionPosition(MetalsGlobal.scala:23)
	at scala.meta.internal.pc.CompletionProvider.safeCompletionsAt(CompletionProvider.scala:382)
	at scala.meta.internal.pc.CompletionProvider.completions(CompletionProvider.scala:47)
	at scala.meta.internal.pc.ScalaPresentationCompiler.$anonfun$complete$1(ScalaPresentationCompiler.scala:87)
	at scala.meta.internal.pc.CompilerAccess.withSharedCompiler(CompilerAccess.scala:119)
	at scala.meta.internal.pc.CompilerAccess.$anonfun$withInterruptableCompiler$1(CompilerAccess.scala:76)
	at scala.meta.internal.pc.CompilerAccess.$anonfun$onCompilerJobQueue$1(CompilerAccess.scala:191)
	at scala.meta.internal.pc.CompilerJobQueue$Job.run(CompilerJobQueue.scala:73)
	at java.util.concurrent.ThreadPoolExecutor.runWorker(ThreadPoolExecutor.java:1149)
	at java.util.concurrent.ThreadPoolExecutor$Worker.run(ThreadPoolExecutor.java:624)
	at java.lang.Thread.run(Thread.java:748)

INFO  compiling scalajs-tutorial (1 scala source)
INFO  time: compiled scalajs-tutorial in 46ms
ERROR Failed to compile 'scalajs-tutorial'
INFO  compiling scalajs-tutorial (1 scala source)
INFO  time: compiled scalajs-tutorial in 39ms
ERROR Failed to compile 'scalajs-tutorial'
ERROR code navigation does not work for the file '/home/yanjie/Documents/GitHub/Movie-Recommender-System/scalajs-tutorial/src/main/scala/tutorial/webapp/TutorialApp.scala' because the SemanticDB file '/home/yanjie/Documents/GitHub/Movie-Recommender-System/scalajs-tutorial/.bloop/scalajs-tutorial/scala-2.12/bloop-bsp-clients-classes/classes-Metals-9XuEY3METnqHSEqom7cpCA==/META-INF/semanticdb/src/main/scala/tutorial/webapp/TutorialApp.scala.semanticdb' doesn't exist. There can be many reasons for this error. 
ERROR code navigation does not work for the file '/home/yanjie/Documents/GitHub/Movie-Recommender-System/scalajs-tutorial/src/main/scala/tutorial/webapp/TutorialApp.scala' because the SemanticDB file '/home/yanjie/Documents/GitHub/Movie-Recommender-System/scalajs-tutorial/.bloop/scalajs-tutorial/scala-2.12/bloop-bsp-clients-classes/classes-Metals-9XuEY3METnqHSEqom7cpCA==/META-INF/semanticdb/src/main/scala/tutorial/webapp/TutorialApp.scala.semanticdb' doesn't exist. There can be many reasons for this error. 
ERROR code navigation does not work for the file '/home/yanjie/Documents/GitHub/Movie-Recommender-System/scalajs-tutorial/src/main/scala/tutorial/webapp/TutorialApp.scala' because the SemanticDB file '/home/yanjie/Documents/GitHub/Movie-Recommender-System/scalajs-tutorial/.bloop/scalajs-tutorial/scala-2.12/bloop-bsp-clients-classes/classes-Metals-9XuEY3METnqHSEqom7cpCA==/META-INF/semanticdb/src/main/scala/tutorial/webapp/TutorialApp.scala.semanticdb' doesn't exist. There can be many reasons for this error. 
ERROR code navigation does not work for the file '/home/yanjie/Documents/GitHub/Movie-Recommender-System/scalajs-tutorial/src/main/scala/tutorial/webapp/TutorialApp.scala' because the SemanticDB file '/home/yanjie/Documents/GitHub/Movie-Recommender-System/scalajs-tutorial/.bloop/scalajs-tutorial/scala-2.12/bloop-bsp-clients-classes/classes-Metals-9XuEY3METnqHSEqom7cpCA==/META-INF/semanticdb/src/main/scala/tutorial/webapp/TutorialApp.scala.semanticdb' doesn't exist. There can be many reasons for this error. 
ERROR code navigation does not work for the file '/home/yanjie/Documents/GitHub/Movie-Recommender-System/scalajs-tutorial/src/main/scala/tutorial/webapp/TutorialApp.scala' because the SemanticDB file '/home/yanjie/Documents/GitHub/Movie-Recommender-System/scalajs-tutorial/.bloop/scalajs-tutorial/scala-2.12/bloop-bsp-clients-classes/classes-Metals-9XuEY3METnqHSEqom7cpCA==/META-INF/semanticdb/src/main/scala/tutorial/webapp/TutorialApp.scala.semanticdb' doesn't exist. There can be many reasons for this error. 
ERROR code navigation does not work for the file '/home/yanjie/Documents/GitHub/Movie-Recommender-System/scalajs-tutorial/src/main/scala/tutorial/webapp/TutorialApp.scala' because the SemanticDB file '/home/yanjie/Documents/GitHub/Movie-Recommender-System/scalajs-tutorial/.bloop/scalajs-tutorial/scala-2.12/bloop-bsp-clients-classes/classes-Metals-9XuEY3METnqHSEqom7cpCA==/META-INF/semanticdb/src/main/scala/tutorial/webapp/TutorialApp.scala.semanticdb' doesn't exist. There can be many reasons for this error. 
INFO  compiling scalajs-tutorial (1 scala source)
INFO  time: compiled scalajs-tutorial in 73ms
ERROR Failed to compile 'scalajs-tutorial'
INFO  compiling scalajs-tutorial (1 scala source)
INFO  time: compiled scalajs-tutorial in 45ms
ERROR Failed to compile 'scalajs-tutorial'
ERROR code navigation does not work for the file '/home/yanjie/Documents/GitHub/Movie-Recommender-System/scalajs-tutorial/src/main/scala/tutorial/webapp/TutorialApp.scala' because the SemanticDB file '/home/yanjie/Documents/GitHub/Movie-Recommender-System/scalajs-tutorial/.bloop/scalajs-tutorial/scala-2.12/bloop-bsp-clients-classes/classes-Metals-9XuEY3METnqHSEqom7cpCA==/META-INF/semanticdb/src/main/scala/tutorial/webapp/TutorialApp.scala.semanticdb' doesn't exist. There can be many reasons for this error. 
Exception in thread "pool-11-thread-1" java.lang.Error: java.lang.InterruptedException
	at java.util.concurrent.ThreadPoolExecutor.runWorker(ThreadPoolExecutor.java:1155)
	at java.util.concurrent.ThreadPoolExecutor$Worker.run(ThreadPoolExecutor.java:624)
	at java.lang.Thread.run(Thread.java:748)
Caused by: java.lang.InterruptedException
	at scala.meta.internal.metals.FutureCancelToken.checkCanceled(FutureCancelToken.scala:20)
	at scala.meta.internal.pc.CompilerAccess.$anonfun$onCompilerJobQueue$1(CompilerAccess.scala:189)
	at scala.meta.internal.pc.CompilerJobQueue$Job.run(CompilerJobQueue.scala:73)
	at java.util.concurrent.ThreadPoolExecutor.runWorker(ThreadPoolExecutor.java:1149)
	... 2 more
INFO  compiling scalajs-tutorial (1 scala source)
INFO  time: compiled scalajs-tutorial in 0.41s
ERROR Failed to compile 'scalajs-tutorial'
INFO  compiling scalajs-tutorial (1 scala source)
INFO  time: compiled scalajs-tutorial in 0.51s
ERROR Failed to compile 'scalajs-tutorial'
INFO  compiling scalajs-tutorial (1 scala source)
INFO  time: compiled scalajs-tutorial in 0.36s
ERROR Failed to compile 'scalajs-tutorial'
INFO  compiling scalajs-tutorial (1 scala source)
INFO  time: compiled scalajs-tutorial in 0.74s
ERROR Failed to compile 'scalajs-tutorial'
INFO  compiling scalajs-tutorial (1 scala source)
INFO  time: compiled scalajs-tutorial in 0.36s
ERROR Failed to compile 'scalajs-tutorial'
INFO  compiling scalajs-tutorial (1 scala source)
INFO  time: compiled scalajs-tutorial in 0.25s
ERROR Failed to compile 'scalajs-tutorial'
ERROR code navigation does not work for the file '/home/yanjie/Documents/GitHub/Movie-Recommender-System/scalajs-tutorial/src/main/scala/tutorial/webapp/TutorialApp.scala' because the SemanticDB file '/home/yanjie/Documents/GitHub/Movie-Recommender-System/scalajs-tutorial/.bloop/scalajs-tutorial/scala-2.12/bloop-bsp-clients-classes/classes-Metals-9XuEY3METnqHSEqom7cpCA==/META-INF/semanticdb/src/main/scala/tutorial/webapp/TutorialApp.scala.semanticdb' doesn't exist. There can be many reasons for this error. 
INFO  compiling scalajs-tutorial (1 scala source)
INFO  time: compiled scalajs-tutorial in 0.32s
ERROR Failed to compile 'scalajs-tutorial'
INFO  compiling scalajs-tutorial (1 scala source)
INFO  time: compiled scalajs-tutorial in 0.36s
ERROR Failed to compile 'scalajs-tutorial'
INFO  compiling scalajs-tutorial (1 scala source)
INFO  time: compiled scalajs-tutorial in 0.32s
ERROR Failed to compile 'scalajs-tutorial'
INFO  compiling scalajs-tutorial (1 scala source)
INFO  time: compiled scalajs-tutorial in 0.28s
ERROR Failed to compile 'scalajs-tutorial'
ERROR code navigation does not work for the file '/home/yanjie/Documents/GitHub/Movie-Recommender-System/scalajs-tutorial/src/main/scala/tutorial/webapp/TutorialApp.scala' because the SemanticDB file '/home/yanjie/Documents/GitHub/Movie-Recommender-System/scalajs-tutorial/.bloop/scalajs-tutorial/scala-2.12/bloop-bsp-clients-classes/classes-Metals-9XuEY3METnqHSEqom7cpCA==/META-INF/semanticdb/src/main/scala/tutorial/webapp/TutorialApp.scala.semanticdb' doesn't exist. There can be many reasons for this error. 
INFO  compiling scalajs-tutorial (1 scala source)
INFO  time: compiled scalajs-tutorial in 0.23s
ERROR Failed to compile 'scalajs-tutorial'
INFO  compiling scalajs-tutorial (1 scala source)
INFO  time: compiled scalajs-tutorial in 0.23s
ERROR Failed to compile 'scalajs-tutorial'
INFO  compiling scalajs-tutorial (1 scala source)
ERROR code navigation does not work for the file '/home/yanjie/Documents/GitHub/Movie-Recommender-System/scalajs-tutorial/src/main/scala/tutorial/webapp/TutorialApp.scala' because the build target scalajs-tutorial is being compiled. Wait until compilation is finished and try again.
ERROR code navigation does not work for the file '/home/yanjie/Documents/GitHub/Movie-Recommender-System/scalajs-tutorial/src/main/scala/tutorial/webapp/TutorialApp.scala' because the build target scalajs-tutorial is being compiled. Wait until compilation is finished and try again.
INFO  time: compiled scalajs-tutorial in 0.33s
ERROR Failed to compile 'scalajs-tutorial'
INFO  compiling scalajs-tutorial (1 scala source)
INFO  time: compiled scalajs-tutorial in 0.28s
ERROR Failed to compile 'scalajs-tutorial'
Jul 23, 2019 4:20:32 PM scala.meta.internal.pc.CompletionProvider scala$meta$internal$pc$CompletionProvider$$loadSymbolFromClassfile
WARNING: no such symbol: Classfile(scala/reflect/internal/transform/,Erasure$scalaErasure$.class)
ERROR code navigation does not work for the file '/home/yanjie/Documents/GitHub/Movie-Recommender-System/scalajs-tutorial/src/main/scala/tutorial/webapp/TutorialApp.scala' because the SemanticDB file '/home/yanjie/Documents/GitHub/Movie-Recommender-System/scalajs-tutorial/.bloop/scalajs-tutorial/scala-2.12/bloop-bsp-clients-classes/classes-Metals-9XuEY3METnqHSEqom7cpCA==/META-INF/semanticdb/src/main/scala/tutorial/webapp/TutorialApp.scala.semanticdb' doesn't exist. There can be many reasons for this error. 
INFO  compiling scalajs-tutorial (1 scala source)
INFO  time: compiled scalajs-tutorial in 0.31s
ERROR Failed to compile 'scalajs-tutorial'
INFO  compiling scalajs-tutorial (1 scala source)
INFO  time: compiled scalajs-tutorial in 0.26s
ERROR Failed to compile 'scalajs-tutorial'
ERROR code navigation does not work for the file '/home/yanjie/Documents/GitHub/Movie-Recommender-System/scalajs-tutorial/src/main/scala/tutorial/webapp/TutorialApp.scala' because the SemanticDB file '/home/yanjie/Documents/GitHub/Movie-Recommender-System/scalajs-tutorial/.bloop/scalajs-tutorial/scala-2.12/bloop-bsp-clients-classes/classes-Metals-9XuEY3METnqHSEqom7cpCA==/META-INF/semanticdb/src/main/scala/tutorial/webapp/TutorialApp.scala.semanticdb' doesn't exist. There can be many reasons for this error. 
INFO  compiling scalajs-tutorial (1 scala source)
INFO  time: compiled scalajs-tutorial in 0.47s
ERROR Failed to compile 'scalajs-tutorial'
INFO  compiling scalajs-tutorial (1 scala source)
INFO  time: compiled scalajs-tutorial in 0.4s
ERROR Failed to compile 'scalajs-tutorial'
ERROR code navigation does not work for the file '/home/yanjie/Documents/GitHub/Movie-Recommender-System/scalajs-tutorial/src/main/scala/tutorial/webapp/TutorialApp.scala' because the SemanticDB file '/home/yanjie/Documents/GitHub/Movie-Recommender-System/scalajs-tutorial/.bloop/scalajs-tutorial/scala-2.12/bloop-bsp-clients-classes/classes-Metals-9XuEY3METnqHSEqom7cpCA==/META-INF/semanticdb/src/main/scala/tutorial/webapp/TutorialApp.scala.semanticdb' doesn't exist. There can be many reasons for this error. 
INFO  compiling scalajs-tutorial (1 scala source)
ERROR code navigation does not work for the file '/home/yanjie/Documents/GitHub/Movie-Recommender-System/scalajs-tutorial/src/main/scala/tutorial/webapp/TutorialApp.scala' because the build target scalajs-tutorial is being compiled. Wait until compilation is finished and try again.
INFO  time: compiled scalajs-tutorial in 0.36s
ERROR Failed to compile 'scalajs-tutorial'
Jul 23, 2019 4:20:50 PM scala.meta.internal.pc.CompletionProvider scala$meta$internal$pc$CompletionProvider$$loadSymbolFromClassfile
WARNING: no such symbol: Classfile(scala/reflect/internal/transform/,Erasure$scalaErasure$.class)
INFO  compiling scalajs-tutorial (1 scala source)
WARN  there was one deprecation warning (since 0.6.6); re-run with -deprecation for details
INFO  time: compiled scalajs-tutorial in 0.71s
INFO  compiling scalajs-tutorial (1 scala source)
WARN  there was one deprecation warning (since 0.6.6); re-run with -deprecation for details
INFO  time: compiled scalajs-tutorial in 0.57s
INFO  shutting down Metals
shutdown request received: build/shutdown
[0m[31m[E][0m BSP server cancelled, closing socket...
Client in /home/yanjie/Documents/GitHub/Movie-Recommender-System/scalajs-tutorial/.bloop triggered cancellation. Cancelling tasks...
INFO  bloop exit: 0
